<?xml version="1.0" encoding="UTF-8"?>
<coverage generated="1777715700970" clover="3.2.0">
  <project timestamp="1777715700971" name="All files">
    <metrics statements="382" coveredstatements="334" conditionals="419" coveredconditionals="304" methods="72" coveredmethods="63" elements="873" coveredelements="701" complexity="0" loc="382" ncloc="382" packages="2" files="10" classes="10"/>
    <package name="src">
      <metrics statements="2" coveredstatements="2" conditionals="8" coveredconditionals="8" methods="1" coveredmethods="1"/>
      <file name="config.js" path="C:\Users\Staff\Downloads\tts-studio\src\config.js">
        <metrics statements="2" coveredstatements="2" conditionals="8" coveredconditionals="8" methods="1" coveredmethods="1"/>
        <line num="6" count="5" type="stmt"/>
        <line num="32" count="3" type="stmt"/>
      </file>
    </package>
    <package name="src.aria">
      <metrics statements="380" coveredstatements="332" conditionals="411" coveredconditionals="296" methods="71" coveredmethods="62"/>
      <file name="adaptiveFollowup.js" path="C:\Users\Staff\Downloads\tts-studio\src\aria\adaptiveFollowup.js">
        <metrics statements="31" coveredstatements="28" conditionals="29" coveredconditionals="24" methods="3" coveredmethods="3"/>
        <line num="1" count="1" type="stmt"/>
        <line num="3" count="1" type="stmt"/>
        <line num="10" count="1" type="cond" truecount="1" falsecount="1"/>
        <line num="11" count="1" type="stmt"/>
        <line num="12" count="4" type="stmt"/>
        <line num="28" count="4" type="stmt"/>
        <line num="29" count="4" type="cond" truecount="5" falsecount="0"/>
        <line num="30" count="1" type="stmt"/>
        <line num="33" count="3" type="cond" truecount="2" falsecount="0"/>
        <line num="34" count="1" type="stmt"/>
        <line num="37" count="2" type="cond" truecount="4" falsecount="0"/>
        <line num="38" count="1" type="stmt"/>
        <line num="41" count="1" type="stmt"/>
        <line num="42" count="1" type="cond" truecount="3" falsecount="1"/>
        <line num="43" count="0" type="stmt"/>
        <line num="46" count="1" type="cond" truecount="2" falsecount="0"/>
        <line num="47" count="1" type="cond" truecount="1" falsecount="1"/>
        <line num="48" count="0" type="stmt"/>
        <line num="51" count="1" type="stmt"/>
        <line num="52" count="1" type="cond" truecount="1" falsecount="1"/>
        <line num="53" count="1" type="stmt"/>
        <line num="54" count="1" type="cond" truecount="3" falsecount="1"/>
        <line num="55" count="0" type="stmt"/>
        <line num="59" count="1" type="stmt"/>
        <line num="64" count="1" type="stmt"/>
        <line num="72" count="1" type="stmt"/>
        <line num="73" count="1" type="stmt"/>
        <line num="74" count="1" type="stmt"/>
        <line num="75" count="1" type="stmt"/>
        <line num="77" count="1" type="stmt"/>
        <line num="80" count="1" type="stmt"/>
      </file>
      <file name="answerSignals.js" path="C:\Users\Staff\Downloads\tts-studio\src\aria\answerSignals.js">
        <metrics statements="14" coveredstatements="14" conditionals="24" coveredconditionals="18" methods="1" coveredmethods="1"/>
        <line num="11" count="3" type="cond" truecount="1" falsecount="1"/>
        <line num="12" count="3" type="cond" truecount="1" falsecount="1"/>
        <line num="13" count="3" type="cond" truecount="1" falsecount="1"/>
        <line num="15" count="3" type="stmt"/>
        <line num="16" count="3" type="cond" truecount="1" falsecount="1"/>
        <line num="17" count="3" type="cond" truecount="2" falsecount="0"/>
        <line num="18" count="3" type="cond" truecount="1" falsecount="1"/>
        <line num="19" count="3" type="cond" truecount="4" falsecount="0"/>
        <line num="20" count="3" type="cond" truecount="2" falsecount="0"/>
        <line num="21" count="3" type="cond" truecount="4" falsecount="0"/>
        <line num="22" count="3" type="cond" truecount="1" falsecount="1"/>
        <line num="24" count="3" type="stmt"/>
        <line num="25" count="3" type="stmt"/>
        <line num="28" count="1" type="stmt"/>
      </file>
      <file name="dynamicQuestionGenerator.js" path="C:\Users\Staff\Downloads\tts-studio\src\aria\dynamicQuestionGenerator.js">
        <metrics statements="34" coveredstatements="23" conditionals="22" coveredconditionals="12" methods="9" coveredmethods="5"/>
        <line num="8" count="1" type="stmt"/>
        <line num="57" count="1" type="stmt"/>
        <line num="234" count="35" type="cond" truecount="1" falsecount="1"/>
        <line num="237" count="35" type="cond" truecount="2" falsecount="0"/>
        <line num="238" count="33" type="stmt"/>
        <line num="242" count="2" type="stmt"/>
        <line num="243" count="2" type="stmt"/>
        <line num="244" count="18" type="cond" truecount="3" falsecount="1"/>
        <line num="245" count="0" type="stmt"/>
        <line num="250" count="2" type="stmt"/>
        <line num="257" count="0" type="stmt"/>
        <line num="269" count="2" type="stmt"/>
        <line num="271" count="4" type="stmt"/>
        <line num="273" count="2" type="stmt"/>
        <line num="284" count="18" type="stmt"/>
        <line num="286" count="18" type="cond" truecount="2" falsecount="0"/>
        <line num="288" count="18" type="stmt"/>
        <line num="291" count="18" type="stmt"/>
        <line num="293" count="18" type="stmt"/>
        <line num="294" count="54" type="stmt"/>
        <line num="296" count="54" type="stmt"/>
        <line num="298" count="54" type="cond" truecount="3" falsecount="1"/>
        <line num="302" count="54" type="stmt"/>
        <line num="313" count="18" type="stmt"/>
        <line num="320" count="0" type="stmt"/>
        <line num="321" count="0" type="stmt"/>
        <line num="322" count="0" type="stmt"/>
        <line num="324" count="0" type="stmt"/>
        <line num="335" count="0" type="stmt"/>
        <line num="336" count="0" type="stmt"/>
        <line num="340" count="0" type="stmt"/>
        <line num="355" count="0" type="stmt"/>
        <line num="356" count="0" type="stmt"/>
        <line num="369" count="1" type="stmt"/>
      </file>
      <file name="evaluator.js" path="C:\Users\Staff\Downloads\tts-studio\src\aria\evaluator.js">
        <metrics statements="58" coveredstatements="56" conditionals="74" coveredconditionals="63" methods="13" coveredmethods="13"/>
        <line num="7" count="2" type="stmt"/>
        <line num="23" count="2" type="stmt"/>
        <line num="42" count="2" type="stmt"/>
        <line num="61" count="2" type="stmt"/>
        <line num="97" count="12" type="stmt"/>
        <line num="100" count="12" type="cond" truecount="2" falsecount="0"/>
        <line num="101" count="1" type="stmt"/>
        <line num="112" count="11" type="cond" truecount="2" falsecount="0"/>
        <line num="113" count="2" type="stmt"/>
        <line num="124" count="9" type="cond" truecount="2" falsecount="0"/>
        <line num="125" count="1" type="stmt"/>
        <line num="137" count="8" type="stmt"/>
        <line num="138" count="8" type="cond" truecount="2" falsecount="0"/>
        <line num="141" count="8" type="stmt"/>
        <line num="142" count="8" type="cond" truecount="2" falsecount="0"/>
        <line num="143" count="8" type="cond" truecount="3" falsecount="1"/>
        <line num="146" count="8" type="stmt"/>
        <line num="147" count="8" type="cond" truecount="2" falsecount="0"/>
        <line num="148" count="8" type="cond" truecount="3" falsecount="1"/>
        <line num="149" count="8" type="cond" truecount="3" falsecount="1"/>
        <line num="152" count="8" type="stmt"/>
        <line num="153" count="8" type="cond" truecount="1" falsecount="1"/>
        <line num="154" count="8" type="stmt"/>
        <line num="160" count="32" type="stmt"/>
        <line num="161" count="8" type="cond" truecount="2" falsecount="0"/>
        <line num="162" count="8" type="cond" truecount="2" falsecount="0"/>
        <line num="165" count="0" type="cond" truecount="0" falsecount="2"/>
        <line num="166" count="0" type="cond" truecount="0" falsecount="2"/>
        <line num="170" count="8" type="stmt"/>
        <line num="171" count="8" type="stmt"/>
        <line num="174" count="8" type="cond" truecount="2" falsecount="0"/>
        <line num="175" count="8" type="cond" truecount="2" falsecount="0"/>
        <line num="176" count="8" type="cond" truecount="2" falsecount="0"/>
        <line num="179" count="8" type="cond" truecount="2" falsecount="0"/>
        <line num="181" count="8" type="stmt"/>
        <line num="183" count="8" type="stmt"/>
        <line num="200" count="7" type="cond" truecount="2" falsecount="0"/>
        <line num="201" count="2" type="stmt"/>
        <line num="203" count="5" type="cond" truecount="2" falsecount="0"/>
        <line num="204" count="3" type="stmt"/>
        <line num="206" count="2" type="stmt"/>
        <line num="217" count="7" type="cond" truecount="2" falsecount="0"/>
        <line num="226" count="12" type="stmt"/>
        <line num="234" count="12" type="stmt"/>
        <line num="243" count="5" type="cond" truecount="4" falsecount="0"/>
        <line num="244" count="1" type="stmt"/>
        <line num="257" count="7" type="cond" truecount="2" falsecount="0"/>
        <line num="258" count="4" type="cond" truecount="1" falsecount="1"/>
        <line num="259" count="7" type="stmt"/>
        <line num="262" count="4" type="stmt"/>
        <line num="263" count="7" type="cond" truecount="1" falsecount="1"/>
        <line num="266" count="4" type="stmt"/>
        <line num="268" count="7" type="cond" truecount="2" falsecount="0"/>
        <line num="271" count="7" type="cond" truecount="2" falsecount="0"/>
        <line num="274" count="7" type="cond" truecount="2" falsecount="0"/>
        <line num="277" count="7" type="cond" truecount="2" falsecount="0"/>
        <line num="281" count="4" type="stmt"/>
        <line num="294" count="2" type="stmt"/>
      </file>
      <file name="interviewReportStub.js" path="C:\Users\Staff\Downloads\tts-studio\src\aria\interviewReportStub.js">
        <metrics statements="16" coveredstatements="16" conditionals="30" coveredconditionals="21" methods="1" coveredmethods="1"/>
        <line num="12" count="3" type="cond" truecount="1" falsecount="1"/>
        <line num="13" count="3" type="cond" truecount="1" falsecount="1"/>
        <line num="14" count="3" type="cond" truecount="1" falsecount="1"/>
        <line num="16" count="3" type="stmt"/>
        <line num="17" count="3" type="cond" truecount="2" falsecount="0"/>
        <line num="18" count="2" type="cond" truecount="2" falsecount="0"/>
        <line num="19" count="1" type="cond" truecount="1" falsecount="1"/>
        <line num="21" count="3" type="stmt"/>
        <line num="22" count="3" type="stmt"/>
        <line num="23" count="3" type="cond" truecount="3" falsecount="1"/>
        <line num="24" count="3" type="cond" truecount="3" falsecount="1"/>
        <line num="25" count="3" type="cond" truecount="3" falsecount="1"/>
        <line num="26" count="3" type="cond" truecount="3" falsecount="1"/>
        <line num="27" count="3" type="cond" truecount="1" falsecount="1"/>
        <line num="29" count="3" type="stmt"/>
        <line num="40" count="1" type="stmt"/>
      </file>
      <file name="questionBank.js" path="C:\Users\Staff\Downloads\tts-studio\src\aria\questionBank.js">
        <metrics statements="52" coveredstatements="50" conditionals="53" coveredconditionals="42" methods="18" coveredmethods="16"/>
        <line num="8" count="1" type="stmt"/>
        <line num="15" count="17" type="cond" truecount="3" falsecount="1"/>
        <line num="16" count="17" type="stmt"/>
        <line num="17" count="17" type="stmt"/>
        <line num="18" count="17" type="cond" truecount="2" falsecount="0"/>
        <line num="19" count="9" type="stmt"/>
        <line num="21" count="8" type="cond" truecount="2" falsecount="0"/>
        <line num="22" count="2" type="cond" truecount="4" falsecount="0"/>
        <line num="23" count="1" type="cond" truecount="1" falsecount="1"/>
        <line num="24" count="1" type="cond" truecount="1" falsecount="1"/>
        <line num="25" count="1" type="stmt"/>
        <line num="28" count="1" type="stmt"/>
        <line num="211" count="1" type="stmt"/>
        <line num="299" count="68" type="stmt"/>
        <line num="307" count="26" type="cond" truecount="2" falsecount="0"/>
        <line num="308" count="26" type="cond" truecount="2" falsecount="0"/>
        <line num="309" count="9" type="stmt"/>
        <line num="310" count="9" type="stmt"/>
        <line num="311" count="27" type="stmt"/>
        <line num="312" count="36" type="stmt"/>
        <line num="316" count="17" type="stmt"/>
        <line num="318" count="17" type="cond" truecount="1" falsecount="1"/>
        <line num="320" count="17" type="stmt"/>
        <line num="324" count="17" type="stmt"/>
        <line num="325" count="51" type="stmt"/>
        <line num="330" count="68" type="stmt"/>
        <line num="332" count="17" type="stmt"/>
        <line num="341" count="26" type="cond" truecount="2" falsecount="0"/>
        <line num="342" count="26" type="stmt"/>
        <line num="344" count="26" type="cond" truecount="2" falsecount="0"/>
        <line num="345" count="17" type="stmt"/>
        <line num="347" count="9" type="cond" truecount="1" falsecount="1"/>
        <line num="348" count="9" type="stmt"/>
        <line num="353" count="9" type="stmt"/>
        <line num="357" count="26" type="stmt"/>
        <line num="364" count="26" type="stmt"/>
        <line num="366" count="26" type="stmt"/>
        <line num="376" count="5" type="stmt"/>
        <line num="377" count="38" type="cond" truecount="2" falsecount="0"/>
        <line num="386" count="6" type="stmt"/>
        <line num="396" count="7" type="cond" truecount="2" falsecount="0"/>
        <line num="397" count="2" type="cond" truecount="2" falsecount="0"/>
        <line num="400" count="5" type="cond" truecount="1" falsecount="1"/>
        <line num="401" count="5" type="cond" truecount="2" falsecount="2"/>
        <line num="402" count="0" type="stmt"/>
        <line num="404" count="5" type="cond" truecount="2" falsecount="2"/>
        <line num="405" count="0" type="stmt"/>
        <line num="411" count="5" type="stmt"/>
        <line num="418" count="5" type="cond" truecount="2" falsecount="0"/>
        <line num="426" count="2" type="stmt"/>
        <line num="427" count="3" type="stmt"/>
        <line num="430" count="1" type="stmt"/>
      </file>
      <file name="session.js" path="C:\Users\Staff\Downloads\tts-studio\src\aria\session.js">
        <metrics statements="73" coveredstatements="72" conditionals="79" coveredconditionals="58" methods="14" coveredmethods="14"/>
        <line num="7" count="5" type="stmt"/>
        <line num="11" count="82" type="cond" truecount="2" falsecount="0"/>
        <line num="12" count="82" type="stmt"/>
        <line num="19" count="82" type="stmt"/>
        <line num="20" count="82" type="stmt"/>
        <line num="21" count="82" type="stmt"/>
        <line num="22" count="82" type="stmt"/>
        <line num="23" count="82" type="stmt"/>
        <line num="26" count="82" type="stmt"/>
        <line num="27" count="82" type="stmt"/>
        <line num="28" count="82" type="stmt"/>
        <line num="30" count="82" type="stmt"/>
        <line num="32" count="82" type="stmt"/>
        <line num="35" count="82" type="stmt"/>
        <line num="36" count="82" type="stmt"/>
        <line num="37" count="82" type="stmt"/>
        <line num="44" count="21" type="stmt"/>
        <line num="54" count="21" type="cond" truecount="2" falsecount="0"/>
        <line num="55" count="1" type="stmt"/>
        <line num="59" count="20" type="stmt"/>
        <line num="69" count="20" type="cond" truecount="2" falsecount="0"/>
        <line num="70" count="1" type="stmt"/>
        <line num="75" count="19" type="stmt"/>
        <line num="76" count="19" type="stmt"/>
        <line num="83" count="16" type="stmt"/>
        <line num="99" count="16" type="stmt"/>
        <line num="100" count="16" type="stmt"/>
        <line num="107" count="8" type="cond" truecount="2" falsecount="0"/>
        <line num="108" count="1" type="stmt"/>
        <line num="111" count="7" type="stmt"/>
        <line num="112" count="7" type="stmt"/>
        <line num="123" count="7" type="stmt"/>
        <line num="130" count="6" type="stmt"/>
        <line num="131" count="6" type="stmt"/>
        <line num="132" count="6" type="stmt"/>
        <line num="133" count="6" type="stmt"/>
        <line num="140" count="13" type="stmt"/>
        <line num="141" count="13" type="stmt"/>
        <line num="148" count="9" type="stmt"/>
        <line num="155" count="2" type="stmt"/>
        <line num="162" count="2" type="stmt"/>
        <line num="169" count="5" type="stmt"/>
        <line num="170" count="5" type="stmt"/>
        <line num="172" count="5" type="cond" truecount="2" falsecount="0"/>
        <line num="173" count="4" type="cond" truecount="1" falsecount="1"/>
        <line num="176" count="5" type="stmt"/>
        <line num="184" count="4" type="stmt"/>
        <line num="199" count="7" type="stmt"/>
        <line num="228" count="3" type="cond" truecount="4" falsecount="1"/>
        <line num="229" count="0" type="stmt"/>
        <line num="231" count="3" type="stmt"/>
        <line num="232" count="3" type="cond" truecount="1" falsecount="1"/>
        <line num="233" count="3" type="stmt"/>
        <line num="235" count="3" type="cond" truecount="1" falsecount="1"/>
        <line num="236" count="3" type="stmt"/>
        <line num="238" count="3" type="cond" truecount="1" falsecount="1"/>
        <line num="239" count="3" type="cond" truecount="1" falsecount="1"/>
        <line num="240" count="3" type="cond" truecount="1" falsecount="1"/>
        <line num="241" count="3" type="cond" truecount="1" falsecount="1"/>
        <line num="242" count="3" type="cond" truecount="1" falsecount="1"/>
        <line num="243" count="3" type="stmt"/>
        <line num="245" count="3" type="stmt"/>
        <line num="247" count="3" type="cond" truecount="2" falsecount="0"/>
        <line num="248" count="2" type="stmt"/>
        <line num="250" count="3" type="cond" truecount="2" falsecount="0"/>
        <line num="251" count="3" type="cond" truecount="2" falsecount="0"/>
        <line num="252" count="3" type="cond" truecount="2" falsecount="0"/>
        <line num="253" count="3" type="cond" truecount="1" falsecount="1"/>
        <line num="254" count="3" type="stmt"/>
        <line num="256" count="3" type="cond" truecount="1" falsecount="1"/>
        <line num="257" count="3" type="stmt"/>
        <line num="259" count="3" type="stmt"/>
        <line num="263" count="5" type="stmt"/>
      </file>
      <file name="stateTransitions.js" path="C:\Users\Staff\Downloads\tts-studio\src\aria\stateTransitions.js">
        <metrics statements="64" coveredstatements="61" conditionals="51" coveredconditionals="48" methods="7" coveredmethods="7"/>
        <line num="7" count="1" type="stmt"/>
        <line num="17" count="1" type="stmt"/>
        <line num="33" count="83" type="stmt"/>
        <line num="43" count="36" type="stmt"/>
        <line num="56" count="5" type="cond" truecount="1" falsecount="1"/>
        <line num="68" count="24" type="cond" truecount="2" falsecount="0"/>
        <line num="69" count="2" type="stmt"/>
        <line num="76" count="22" type="cond" truecount="5" falsecount="0"/>
        <line num="78" count="5" type="cond" truecount="3" falsecount="1"/>
        <line num="79" count="0" type="stmt"/>
        <line num="84" count="5" type="stmt"/>
        <line num="87" count="6" type="cond" truecount="4" falsecount="0"/>
        <line num="88" count="1" type="stmt"/>
        <line num="93" count="5" type="cond" truecount="2" falsecount="0"/>
        <line num="94" count="1" type="stmt"/>
        <line num="99" count="4" type="stmt"/>
        <line num="102" count="4" type="cond" truecount="2" falsecount="0"/>
        <line num="103" count="1" type="stmt"/>
        <line num="108" count="3" type="stmt"/>
        <line num="113" count="1" type="stmt"/>
        <line num="116" count="6" type="stmt"/>
        <line num="119" count="19" type="stmt"/>
        <line num="131" count="16" type="stmt"/>
        <line num="132" count="16" type="cond" truecount="2" falsecount="0"/>
        <line num="133" count="1" type="stmt"/>
        <line num="141" count="15" type="stmt"/>
        <line num="142" count="15" type="stmt"/>
        <line num="145" count="15" type="stmt"/>
        <line num="146" count="15" type="cond" truecount="6" falsecount="1"/>
        <line num="148" count="3" type="stmt"/>
        <line num="153" count="3" type="stmt"/>
        <line num="156" count="3" type="stmt"/>
        <line num="157" count="3" type="stmt"/>
        <line num="161" count="3" type="stmt"/>
        <line num="164" count="3" type="stmt"/>
        <line num="167" count="3" type="stmt"/>
        <line num="170" count="3" type="stmt"/>
        <line num="174" count="3" type="stmt"/>
        <line num="180" count="3" type="stmt"/>
        <line num="183" count="2" type="stmt"/>
        <line num="184" count="2" type="stmt"/>
        <line num="189" count="2" type="stmt"/>
        <line num="194" count="2" type="stmt"/>
        <line num="197" count="1" type="stmt"/>
        <line num="202" count="1" type="stmt"/>
        <line num="206" count="1" type="stmt"/>
        <line num="209" count="0" type="stmt"/>
        <line num="213" count="15" type="stmt"/>
        <line num="215" count="15" type="stmt"/>
        <line num="222" count="0" type="stmt"/>
        <line num="239" count="5" type="stmt"/>
        <line num="242" count="5" type="cond" truecount="4" falsecount="0"/>
        <line num="243" count="3" type="cond" truecount="2" falsecount="0"/>
        <line num="244" count="2" type="stmt"/>
        <line num="247" count="1" type="stmt"/>
        <line num="252" count="2" type="cond" truecount="2" falsecount="0"/>
        <line num="253" count="1" type="stmt"/>
        <line num="257" count="1" type="stmt"/>
        <line num="266" count="12" type="cond" truecount="2" falsecount="0"/>
        <line num="267" count="11" type="cond" truecount="2" falsecount="0"/>
        <line num="268" count="8" type="cond" truecount="2" falsecount="0"/>
        <line num="269" count="4" type="cond" truecount="2" falsecount="0"/>
        <line num="270" count="2" type="stmt"/>
        <line num="273" count="1" type="stmt"/>
      </file>
      <file name="sttService.js" path="C:\Users\Staff\Downloads\tts-studio\src\aria\sttService.js">
        <metrics statements="38" coveredstatements="12" conditionals="49" coveredconditionals="10" methods="5" coveredmethods="2"/>
        <line num="5" count="1" type="stmt"/>
        <line num="7" count="1" type="stmt"/>
        <line num="8" count="1" type="stmt"/>
        <line num="11" count="0" type="cond" truecount="0" falsecount="2"/>
        <line num="15" count="0" type="cond" truecount="0" falsecount="2"/>
        <line num="16" count="0" type="cond" truecount="0" falsecount="2"/>
        <line num="17" count="0" type="cond" truecount="0" falsecount="4"/>
        <line num="18" count="0" type="cond" truecount="0" falsecount="2"/>
        <line num="19" count="0" type="stmt"/>
        <line num="23" count="4" type="cond" truecount="1" falsecount="1"/>
        <line num="27" count="4" type="cond" truecount="2" falsecount="0"/>
        <line num="28" count="3" type="stmt"/>
        <line num="29" count="3" type="stmt"/>
        <line num="37" count="3" type="stmt"/>
        <line num="38" count="3" type="cond" truecount="2" falsecount="1"/>
        <line num="39" count="3" type="cond" truecount="5" falsecount="1"/>
        <line num="40" count="3" type="stmt"/>
        <line num="42" count="0" type="cond" truecount="0" falsecount="2"/>
        <line num="43" count="0" type="cond" truecount="0" falsecount="6"/>
        <line num="44" count="0" type="stmt"/>
        <line num="47" count="0" type="cond" truecount="0" falsecount="2"/>
        <line num="48" count="0" type="stmt"/>
        <line num="49" count="0" type="stmt"/>
        <line num="50" count="0" type="stmt"/>
        <line num="54" count="0" type="cond" truecount="0" falsecount="2"/>
        <line num="55" count="0" type="stmt"/>
        <line num="56" count="0" type="cond" truecount="0" falsecount="4"/>
        <line num="57" count="0" type="stmt"/>
        <line num="60" count="0" type="stmt"/>
        <line num="69" count="0" type="cond" truecount="0" falsecount="2"/>
        <line num="70" count="0" type="stmt"/>
        <line num="71" count="0" type="stmt"/>
        <line num="72" count="0" type="stmt"/>
        <line num="75" count="0" type="stmt"/>
        <line num="76" count="0" type="cond" truecount="0" falsecount="2"/>
        <line num="77" count="0" type="cond" truecount="0" falsecount="2"/>
        <line num="78" count="0" type="stmt"/>
        <line num="81" count="1" type="stmt"/>
      </file>
    </package>
  </project>
</coverage>
