{"C:\\Users\\Staff\\Downloads\\tts-studio\\src\\config.js": {"path":"C:\\Users\\Staff\\Downloads\\tts-studio\\src\\config.js","statementMap":{"0":{"start":{"line":6,"column":2},"end":{"line":14,"column":4}},"1":{"start":{"line":17,"column":0},"end":{"line":19,"column":2}}},"fnMap":{"0":{"name":"readConfig","decl":{"start":{"line":5,"column":9},"end":{"line":5,"column":19}},"loc":{"start":{"line":5,"column":22},"end":{"line":15,"column":1}},"line":5}},"branchMap":{"0":{"loc":{"start":{"line":8,"column":11},"end":{"line":8,"column":70}},"type":"binary-expr","locations":[{"start":{"line":8,"column":11},"end":{"line":8,"column":37}},{"start":{"line":8,"column":41},"end":{"line":8,"column":70}}],"line":8},"1":{"loc":{"start":{"line":10,"column":14},"end":{"line":10,"column":79}},"type":"binary-expr","locations":[{"start":{"line":10,"column":14},"end":{"line":10,"column":43}},{"start":{"line":10,"column":47},"end":{"line":10,"column":79}}],"line":10},"2":{"loc":{"start":{"line":13,"column":6},"end":{"line":13,"column":89}},"type":"binary-expr","locations":[{"start":{"line":13,"column":6},"end":{"line":13,"column":44}},{"start":{"line":13,"column":48},"end":{"line":13,"column":89}}],"line":13}},"s":{"0":2,"1":1},"f":{"0":2},"b":{"0":[2,1],"1":[2,2],"2":[2,2]},"_coverageSchema":"1a1c01bbd47fc00a2c39e90264f33305004495a9","hash":"8dd409a84bb82720cedfbfa148ba594e61c31399"}
,"C:\\Users\\Staff\\Downloads\\tts-studio\\src\\aria\\dynamicQuestionGenerator.js": {"path":"C:\\Users\\Staff\\Downloads\\tts-studio\\src\\aria\\dynamicQuestionGenerator.js","statementMap":{"0":{"start":{"line":8,"column":24},"end":{"line":54,"column":1}},"1":{"start":{"line":57,"column":30},"end":{"line":228,"column":1}},"2":{"start":{"line":234,"column":2},"end":{"line":234,"column":47}},"3":{"start":{"line":234,"column":13},"end":{"line":234,"column":47}},"4":{"start":{"line":237,"column":2},"end":{"line":239,"column":3}},"5":{"start":{"line":238,"column":4},"end":{"line":238,"column":33}},"6":{"start":{"line":242,"column":25},"end":{"line":242,"column":43}},"7":{"start":{"line":243,"column":2},"end":{"line":247,"column":3}},"8":{"start":{"line":244,"column":4},"end":{"line":246,"column":5}},"9":{"start":{"line":245,"column":6},"end":{"line":245,"column":17}},"10":{"start":{"line":250,"column":2},"end":{"line":250,"column":43}},"11":{"start":{"line":257,"column":2},"end":{"line":261,"column":4}},"12":{"start":{"line":269,"column":19},"end":{"line":271,"column":36}},"13":{"start":{"line":271,"column":20},"end":{"line":271,"column":35}},"14":{"start":{"line":273,"column":2},"end":{"line":277,"column":4}},"15":{"start":{"line":284,"column":18},"end":{"line":284,"column":41}},"16":{"start":{"line":286,"column":4},"end":{"line":286,"column":74}},"17":{"start":{"line":288,"column":20},"end":{"line":288,"column":22}},"18":{"start":{"line":291,"column":28},"end":{"line":291,"column":49}},"19":{"start":{"line":293,"column":2},"end":{"line":311,"column":5}},"20":{"start":{"line":294,"column":22},"end":{"line":294,"column":81}},"21":{"start":{"line":296,"column":17},"end":{"line":296,"column":70}},"22":{"start":{"line":298,"column":6},"end":{"line":300,"column":14}},"23":{"start":{"line":302,"column":4},"end":{"line":310,"column":7}},"24":{"start":{"line":313,"column":2},"end":{"line":313,"column":19}},"25":{"start":{"line":320,"column":18},"end":{"line":320,"column":41}},"26":{"start":{"line":321,"column":17},"end":{"line":321,"column":31}},"27":{"start":{"line":322,"column":19},"end":{"line":322,"column":35}},"28":{"start":{"line":324,"column":20},"end":{"line":333,"column":3}},"29":{"start":{"line":335,"column":2},"end":{"line":348,"column":5}},"30":{"start":{"line":336,"column":17},"end":{"line":338,"column":55}},"31":{"start":{"line":340,"column":4},"end":{"line":347,"column":6}},"32":{"start":{"line":355,"column":18},"end":{"line":355,"column":41}},"33":{"start":{"line":356,"column":2},"end":{"line":366,"column":4}},"34":{"start":{"line":369,"column":0},"end":{"line":378,"column":2}}},"fnMap":{"0":{"name":"getRoleDefinition","decl":{"start":{"line":233,"column":9},"end":{"line":233,"column":26}},"loc":{"start":{"line":233,"column":33},"end":{"line":251,"column":1}},"line":233},"1":{"name":"getGenericRoleDefinition","decl":{"start":{"line":256,"column":9},"end":{"line":256,"column":33}},"loc":{"start":{"line":256,"column":36},"end":{"line":262,"column":1}},"line":256},"2":{"name":"createDynamicRoleDefinition","decl":{"start":{"line":267,"column":9},"end":{"line":267,"column":36}},"loc":{"start":{"line":267,"column":43},"end":{"line":278,"column":1}},"line":267},"3":{"name":"(anonymous_3)","decl":{"start":{"line":271,"column":12},"end":{"line":271,"column":13}},"loc":{"start":{"line":271,"column":20},"end":{"line":271,"column":35}},"line":271},"4":{"name":"generateRoleSpecificQuestions","decl":{"start":{"line":283,"column":9},"end":{"line":283,"column":38}},"loc":{"start":{"line":283,"column":60},"end":{"line":314,"column":1}},"line":283},"5":{"name":"(anonymous_5)","decl":{"start":{"line":293,"column":28},"end":{"line":293,"column":29}},"loc":{"start":{"line":293,"column":50},"end":{"line":311,"column":3}},"line":293},"6":{"name":"generateFollowUpQuestions","decl":{"start":{"line":319,"column":9},"end":{"line":319,"column":34}},"loc":{"start":{"line":319,"column":57},"end":{"line":349,"column":1}},"line":319},"7":{"name":"(anonymous_7)","decl":{"start":{"line":335,"column":23},"end":{"line":335,"column":24}},"loc":{"start":{"line":335,"column":35},"end":{"line":348,"column":3}},"line":335},"8":{"name":"getRoleInsights","decl":{"start":{"line":354,"column":9},"end":{"line":354,"column":24}},"loc":{"start":{"line":354,"column":31},"end":{"line":367,"column":1}},"line":354}},"branchMap":{"0":{"loc":{"start":{"line":234,"column":2},"end":{"line":234,"column":47}},"type":"if","locations":[{"start":{"line":234,"column":2},"end":{"line":234,"column":47}},{"start":{},"end":{}}],"line":234},"1":{"loc":{"start":{"line":237,"column":2},"end":{"line":239,"column":3}},"type":"if","locations":[{"start":{"line":237,"column":2},"end":{"line":239,"column":3}},{"start":{},"end":{}}],"line":237},"2":{"loc":{"start":{"line":244,"column":4},"end":{"line":246,"column":5}},"type":"if","locations":[{"start":{"line":244,"column":4},"end":{"line":246,"column":5}},{"start":{},"end":{}}],"line":244},"3":{"loc":{"start":{"line":244,"column":8},"end":{"line":244,"column":96}},"type":"binary-expr","locations":[{"start":{"line":244,"column":8},"end":{"line":244,"column":50}},{"start":{"line":244,"column":54},"end":{"line":244,"column":96}}],"line":244},"4":{"loc":{"start":{"line":276,"column":12},"end":{"line":276,"column":36}},"type":"binary-expr","locations":[{"start":{"line":276,"column":12},"end":{"line":276,"column":23}},{"start":{"line":276,"column":27},"end":{"line":276,"column":36}}],"line":276},"5":{"loc":{"start":{"line":283,"column":45},"end":{"line":283,"column":58}},"type":"default-arg","locations":[{"start":{"line":283,"column":57},"end":{"line":283,"column":58}}],"line":283},"6":{"loc":{"start":{"line":286,"column":4},"end":{"line":286,"column":74}},"type":"binary-expr","locations":[{"start":{"line":286,"column":4},"end":{"line":286,"column":41}},{"start":{"line":286,"column":45},"end":{"line":286,"column":74}}],"line":286},"7":{"loc":{"start":{"line":298,"column":6},"end":{"line":300,"column":14}},"type":"cond-expr","locations":[{"start":{"line":299,"column":10},"end":{"line":299,"column":45}},{"start":{"line":300,"column":10},"end":{"line":300,"column":14}}],"line":298},"8":{"loc":{"start":{"line":298,"column":6},"end":{"line":298,"column":36}},"type":"binary-expr","locations":[{"start":{"line":298,"column":6},"end":{"line":298,"column":10}},{"start":{"line":298,"column":14},"end":{"line":298,"column":36}}],"line":298},"9":{"loc":{"start":{"line":319,"column":41},"end":{"line":319,"column":55}},"type":"default-arg","locations":[{"start":{"line":319,"column":53},"end":{"line":319,"column":55}}],"line":319},"10":{"loc":{"start":{"line":337,"column":26},"end":{"line":337,"column":48}},"type":"binary-expr","locations":[{"start":{"line":337,"column":26},"end":{"line":337,"column":33}},{"start":{"line":337,"column":37},"end":{"line":337,"column":48}}],"line":337},"11":{"loc":{"start":{"line":338,"column":28},"end":{"line":338,"column":54}},"type":"binary-expr","locations":[{"start":{"line":338,"column":28},"end":{"line":338,"column":37}},{"start":{"line":338,"column":41},"end":{"line":338,"column":54}}],"line":338}},"s":{"0":1,"1":1,"2":35,"3":0,"4":35,"5":33,"6":2,"7":2,"8":18,"9":0,"10":2,"11":0,"12":2,"13":4,"14":2,"15":18,"16":18,"17":18,"18":18,"19":18,"20":54,"21":54,"22":54,"23":54,"24":18,"25":0,"26":0,"27":0,"28":0,"29":0,"30":0,"31":0,"32":0,"33":0,"34":1},"f":{"0":35,"1":0,"2":2,"3":4,"4":18,"5":54,"6":0,"7":0,"8":0},"b":{"0":[0,35],"1":[33,2],"2":[0,18],"3":[18,18],"4":[2,0],"5":[0],"6":[18,1],"7":[54,0],"8":[54,54],"9":[0],"10":[0,0],"11":[0,0]},"_coverageSchema":"1a1c01bbd47fc00a2c39e90264f33305004495a9","hash":"8710418c02d1b648d4d968b263ca2b92874d7bf4"}
,"C:\\Users\\Staff\\Downloads\\tts-studio\\src\\aria\\evaluator.js": {"path":"C:\\Users\\Staff\\Downloads\\tts-studio\\src\\aria\\evaluator.js","statementMap":{"0":{"start":{"line":7,"column":24},"end":{"line":21,"column":1}},"1":{"start":{"line":23,"column":20},"end":{"line":40,"column":1}},"2":{"start":{"line":42,"column":24},"end":{"line":59,"column":1}},"3":{"start":{"line":61,"column":28},"end":{"line":82,"column":1}},"4":{"start":{"line":97,"column":6},"end":{"line":97,"column":12}},"5":{"start":{"line":100,"column":2},"end":{"line":110,"column":3}},"6":{"start":{"line":101,"column":4},"end":{"line":109,"column":6}},"7":{"start":{"line":112,"column":2},"end":{"line":122,"column":3}},"8":{"start":{"line":113,"column":4},"end":{"line":121,"column":6}},"9":{"start":{"line":124,"column":2},"end":{"line":134,"column":3}},"10":{"start":{"line":125,"column":4},"end":{"line":133,"column":6}},"11":{"start":{"line":137,"column":20},"end":{"line":137,"column":50}},"12":{"start":{"line":138,"column":24},"end":{"line":138,"column":66}},"13":{"start":{"line":141,"column":18},"end":{"line":141,"column":20}},"14":{"start":{"line":142,"column":2},"end":{"line":142,"column":37}},"15":{"start":{"line":142,"column":22},"end":{"line":142,"column":37}},"16":{"start":{"line":143,"column":2},"end":{"line":143,"column":58}},"17":{"start":{"line":143,"column":43},"end":{"line":143,"column":58}},"18":{"start":{"line":146,"column":14},"end":{"line":146,"column":15}},"19":{"start":{"line":147,"column":2},"end":{"line":147,"column":33}},"20":{"start":{"line":147,"column":22},"end":{"line":147,"column":33}},"21":{"start":{"line":148,"column":2},"end":{"line":148,"column":54}},"22":{"start":{"line":148,"column":43},"end":{"line":148,"column":54}},"23":{"start":{"line":149,"column":2},"end":{"line":149,"column":55}},"24":{"start":{"line":149,"column":44},"end":{"line":149,"column":55}},"25":{"start":{"line":152,"column":18},"end":{"line":152,"column":20}},"26":{"start":{"line":153,"column":2},"end":{"line":167,"column":3}},"27":{"start":{"line":154,"column":24},"end":{"line":159,"column":5}},"28":{"start":{"line":160,"column":23},"end":{"line":160,"column":77}},"29":{"start":{"line":160,"column":49},"end":{"line":160,"column":69}},"30":{"start":{"line":161,"column":4},"end":{"line":161,"column":40}},"31":{"start":{"line":161,"column":25},"end":{"line":161,"column":40}},"32":{"start":{"line":162,"column":4},"end":{"line":162,"column":41}},"33":{"start":{"line":162,"column":26},"end":{"line":162,"column":41}},"34":{"start":{"line":165,"column":4},"end":{"line":165,"column":42}},"35":{"start":{"line":165,"column":27},"end":{"line":165,"column":42}},"36":{"start":{"line":166,"column":4},"end":{"line":166,"column":42}},"37":{"start":{"line":166,"column":27},"end":{"line":166,"column":42}},"38":{"start":{"line":170,"column":22},"end":{"line":170,"column":24}},"39":{"start":{"line":171,"column":22},"end":{"line":173,"column":10}},"40":{"start":{"line":174,"column":2},"end":{"line":174,"column":42}},"41":{"start":{"line":174,"column":23},"end":{"line":174,"column":42}},"42":{"start":{"line":175,"column":2},"end":{"line":175,"column":44}},"43":{"start":{"line":175,"column":25},"end":{"line":175,"column":44}},"44":{"start":{"line":176,"column":2},"end":{"line":176,"column":42}},"45":{"start":{"line":176,"column":23},"end":{"line":176,"column":42}},"46":{"start":{"line":179,"column":2},"end":{"line":179,"column":77}},"47":{"start":{"line":179,"column":29},"end":{"line":179,"column":77}},"48":{"start":{"line":181,"column":16},"end":{"line":181,"column":61}},"49":{"start":{"line":183,"column":2},"end":{"line":191,"column":4}},"50":{"start":{"line":200,"column":2},"end":{"line":202,"column":3}},"51":{"start":{"line":201,"column":4},"end":{"line":201,"column":55}},"52":{"start":{"line":203,"column":2},"end":{"line":205,"column":3}},"53":{"start":{"line":204,"column":4},"end":{"line":204,"column":53}},"54":{"start":{"line":206,"column":2},"end":{"line":206,"column":59}},"55":{"start":{"line":217,"column":2},"end":{"line":217,"column":40}},"56":{"start":{"line":226,"column":20},"end":{"line":232,"column":3}},"57":{"start":{"line":234,"column":2},"end":{"line":234,"column":65}},"58":{"start":{"line":243,"column":2},"end":{"line":255,"column":3}},"59":{"start":{"line":244,"column":4},"end":{"line":254,"column":6}},"60":{"start":{"line":257,"column":17},"end":{"line":257,"column":54}},"61":{"start":{"line":257,"column":34},"end":{"line":257,"column":53}},"62":{"start":{"line":258,"column":19},"end":{"line":260,"column":7}},"63":{"start":{"line":259,"column":31},"end":{"line":259,"column":36}},"64":{"start":{"line":262,"column":22},"end":{"line":264,"column":14}},"65":{"start":{"line":263,"column":31},"end":{"line":263,"column":62}},"66":{"start":{"line":266,"column":28},"end":{"line":279,"column":3}},"67":{"start":{"line":268,"column":33},"end":{"line":268,"column":64}},"68":{"start":{"line":271,"column":33},"end":{"line":271,"column":60}},"69":{"start":{"line":274,"column":33},"end":{"line":274,"column":64}},"70":{"start":{"line":277,"column":33},"end":{"line":277,"column":68}},"71":{"start":{"line":281,"column":2},"end":{"line":291,"column":4}},"72":{"start":{"line":294,"column":0},"end":{"line":304,"column":2}}},"fnMap":{"0":{"name":"evaluateAnswer","decl":{"start":{"line":90,"column":9},"end":{"line":90,"column":23}},"loc":{"start":{"line":90,"column":32},"end":{"line":192,"column":1}},"line":90},"1":{"name":"(anonymous_1)","decl":{"start":{"line":160,"column":42},"end":{"line":160,"column":43}},"loc":{"start":{"line":160,"column":49},"end":{"line":160,"column":69}},"line":160},"2":{"name":"getAcknowledgmentPhrase","decl":{"start":{"line":199,"column":9},"end":{"line":199,"column":32}},"loc":{"start":{"line":199,"column":45},"end":{"line":207,"column":1}},"line":199},"3":{"name":"shouldFollowUp","decl":{"start":{"line":215,"column":9},"end":{"line":215,"column":23}},"loc":{"start":{"line":215,"column":43},"end":{"line":218,"column":1}},"line":215},"4":{"name":"generateFollowUp","decl":{"start":{"line":225,"column":9},"end":{"line":225,"column":25}},"loc":{"start":{"line":225,"column":51},"end":{"line":235,"column":1}},"line":225},"5":{"name":"scoreSession","decl":{"start":{"line":242,"column":9},"end":{"line":242,"column":21}},"loc":{"start":{"line":242,"column":31},"end":{"line":292,"column":1}},"line":242},"6":{"name":"(anonymous_6)","decl":{"start":{"line":257,"column":29},"end":{"line":257,"column":30}},"loc":{"start":{"line":257,"column":34},"end":{"line":257,"column":53}},"line":257},"7":{"name":"(anonymous_7)","decl":{"start":{"line":259,"column":21},"end":{"line":259,"column":22}},"loc":{"start":{"line":259,"column":31},"end":{"line":259,"column":36}},"line":259},"8":{"name":"(anonymous_8)","decl":{"start":{"line":263,"column":19},"end":{"line":263,"column":20}},"loc":{"start":{"line":263,"column":31},"end":{"line":263,"column":62}},"line":263},"9":{"name":"(anonymous_9)","decl":{"start":{"line":268,"column":21},"end":{"line":268,"column":22}},"loc":{"start":{"line":268,"column":33},"end":{"line":268,"column":64}},"line":268},"10":{"name":"(anonymous_10)","decl":{"start":{"line":271,"column":21},"end":{"line":271,"column":22}},"loc":{"start":{"line":271,"column":33},"end":{"line":271,"column":60}},"line":271},"11":{"name":"(anonymous_11)","decl":{"start":{"line":274,"column":21},"end":{"line":274,"column":22}},"loc":{"start":{"line":274,"column":33},"end":{"line":274,"column":64}},"line":274},"12":{"name":"(anonymous_12)","decl":{"start":{"line":277,"column":21},"end":{"line":277,"column":22}},"loc":{"start":{"line":277,"column":33},"end":{"line":277,"column":68}},"line":277}},"branchMap":{"0":{"loc":{"start":{"line":92,"column":4},"end":{"line":92,"column":19}},"type":"default-arg","locations":[{"start":{"line":92,"column":17},"end":{"line":92,"column":19}}],"line":92},"1":{"loc":{"start":{"line":93,"column":4},"end":{"line":93,"column":24}},"type":"default-arg","locations":[{"start":{"line":93,"column":23},"end":{"line":93,"column":24}}],"line":93},"2":{"loc":{"start":{"line":94,"column":4},"end":{"line":94,"column":20}},"type":"default-arg","locations":[{"start":{"line":94,"column":17},"end":{"line":94,"column":20}}],"line":94},"3":{"loc":{"start":{"line":95,"column":4},"end":{"line":95,"column":13}},"type":"default-arg","locations":[{"start":{"line":95,"column":12},"end":{"line":95,"column":13}}],"line":95},"4":{"loc":{"start":{"line":96,"column":4},"end":{"line":96,"column":24}},"type":"default-arg","locations":[{"start":{"line":96,"column":11},"end":{"line":96,"column":24}}],"line":96},"5":{"loc":{"start":{"line":100,"column":2},"end":{"line":110,"column":3}},"type":"if","locations":[{"start":{"line":100,"column":2},"end":{"line":110,"column":3}},{"start":{},"end":{}}],"line":100},"6":{"loc":{"start":{"line":112,"column":2},"end":{"line":122,"column":3}},"type":"if","locations":[{"start":{"line":112,"column":2},"end":{"line":122,"column":3}},{"start":{},"end":{}}],"line":112},"7":{"loc":{"start":{"line":124,"column":2},"end":{"line":134,"column":3}},"type":"if","locations":[{"start":{"line":124,"column":2},"end":{"line":134,"column":3}},{"start":{},"end":{}}],"line":124},"8":{"loc":{"start":{"line":138,"column":25},"end":{"line":138,"column":58}},"type":"binary-expr","locations":[{"start":{"line":138,"column":25},"end":{"line":138,"column":52}},{"start":{"line":138,"column":56},"end":{"line":138,"column":58}}],"line":138},"9":{"loc":{"start":{"line":142,"column":2},"end":{"line":142,"column":37}},"type":"if","locations":[{"start":{"line":142,"column":2},"end":{"line":142,"column":37}},{"start":{},"end":{}}],"line":142},"10":{"loc":{"start":{"line":143,"column":2},"end":{"line":143,"column":58}},"type":"if","locations":[{"start":{"line":143,"column":2},"end":{"line":143,"column":58}},{"start":{},"end":{}}],"line":143},"11":{"loc":{"start":{"line":143,"column":6},"end":{"line":143,"column":41}},"type":"binary-expr","locations":[{"start":{"line":143,"column":6},"end":{"line":143,"column":20}},{"start":{"line":143,"column":24},"end":{"line":143,"column":41}}],"line":143},"12":{"loc":{"start":{"line":147,"column":2},"end":{"line":147,"column":33}},"type":"if","locations":[{"start":{"line":147,"column":2},"end":{"line":147,"column":33}},{"start":{},"end":{}}],"line":147},"13":{"loc":{"start":{"line":148,"column":2},"end":{"line":148,"column":54}},"type":"if","locations":[{"start":{"line":148,"column":2},"end":{"line":148,"column":54}},{"start":{},"end":{}}],"line":148},"14":{"loc":{"start":{"line":148,"column":6},"end":{"line":148,"column":41}},"type":"binary-expr","locations":[{"start":{"line":148,"column":6},"end":{"line":148,"column":20}},{"start":{"line":148,"column":24},"end":{"line":148,"column":41}}],"line":148},"15":{"loc":{"start":{"line":149,"column":2},"end":{"line":149,"column":55}},"type":"if","locations":[{"start":{"line":149,"column":2},"end":{"line":149,"column":55}},{"start":{},"end":{}}],"line":149},"16":{"loc":{"start":{"line":149,"column":6},"end":{"line":149,"column":42}},"type":"binary-expr","locations":[{"start":{"line":149,"column":6},"end":{"line":149,"column":21}},{"start":{"line":149,"column":25},"end":{"line":149,"column":42}}],"line":149},"17":{"loc":{"start":{"line":153,"column":2},"end":{"line":167,"column":3}},"type":"if","locations":[{"start":{"line":153,"column":2},"end":{"line":167,"column":3}},{"start":{"line":163,"column":9},"end":{"line":167,"column":3}}],"line":153},"18":{"loc":{"start":{"line":161,"column":4},"end":{"line":161,"column":40}},"type":"if","locations":[{"start":{"line":161,"column":4},"end":{"line":161,"column":40}},{"start":{},"end":{}}],"line":161},"19":{"loc":{"start":{"line":162,"column":4},"end":{"line":162,"column":41}},"type":"if","locations":[{"start":{"line":162,"column":4},"end":{"line":162,"column":41}},{"start":{},"end":{}}],"line":162},"20":{"loc":{"start":{"line":165,"column":4},"end":{"line":165,"column":42}},"type":"if","locations":[{"start":{"line":165,"column":4},"end":{"line":165,"column":42}},{"start":{},"end":{}}],"line":165},"21":{"loc":{"start":{"line":166,"column":4},"end":{"line":166,"column":42}},"type":"if","locations":[{"start":{"line":166,"column":4},"end":{"line":166,"column":42}},{"start":{},"end":{}}],"line":166},"22":{"loc":{"start":{"line":172,"column":4},"end":{"line":172,"column":77}},"type":"binary-expr","locations":[{"start":{"line":172,"column":4},"end":{"line":172,"column":71}},{"start":{"line":172,"column":75},"end":{"line":172,"column":77}}],"line":172},"23":{"loc":{"start":{"line":174,"column":2},"end":{"line":174,"column":42}},"type":"if","locations":[{"start":{"line":174,"column":2},"end":{"line":174,"column":42}},{"start":{},"end":{}}],"line":174},"24":{"loc":{"start":{"line":175,"column":2},"end":{"line":175,"column":44}},"type":"if","locations":[{"start":{"line":175,"column":2},"end":{"line":175,"column":44}},{"start":{},"end":{}}],"line":175},"25":{"loc":{"start":{"line":176,"column":2},"end":{"line":176,"column":42}},"type":"if","locations":[{"start":{"line":176,"column":2},"end":{"line":176,"column":42}},{"start":{},"end":{}}],"line":176},"26":{"loc":{"start":{"line":179,"column":2},"end":{"line":179,"column":77}},"type":"if","locations":[{"start":{"line":179,"column":2},"end":{"line":179,"column":77}},{"start":{},"end":{}}],"line":179},"27":{"loc":{"start":{"line":200,"column":2},"end":{"line":202,"column":3}},"type":"if","locations":[{"start":{"line":200,"column":2},"end":{"line":202,"column":3}},{"start":{},"end":{}}],"line":200},"28":{"loc":{"start":{"line":203,"column":2},"end":{"line":205,"column":3}},"type":"if","locations":[{"start":{"line":203,"column":2},"end":{"line":205,"column":3}},{"start":{},"end":{}}],"line":203},"29":{"loc":{"start":{"line":217,"column":9},"end":{"line":217,"column":39}},"type":"binary-expr","locations":[{"start":{"line":217,"column":9},"end":{"line":217,"column":20}},{"start":{"line":217,"column":24},"end":{"line":217,"column":39}}],"line":217},"30":{"loc":{"start":{"line":225,"column":26},"end":{"line":225,"column":49}},"type":"default-arg","locations":[{"start":{"line":225,"column":47},"end":{"line":225,"column":49}}],"line":225},"31":{"loc":{"start":{"line":243,"column":2},"end":{"line":255,"column":3}},"type":"if","locations":[{"start":{"line":243,"column":2},"end":{"line":255,"column":3}},{"start":{},"end":{}}],"line":243},"32":{"loc":{"start":{"line":243,"column":6},"end":{"line":243,"column":38}},"type":"binary-expr","locations":[{"start":{"line":243,"column":6},"end":{"line":243,"column":14}},{"start":{"line":243,"column":18},"end":{"line":243,"column":38}}],"line":243},"33":{"loc":{"start":{"line":257,"column":34},"end":{"line":257,"column":53}},"type":"binary-expr","locations":[{"start":{"line":257,"column":34},"end":{"line":257,"column":48}},{"start":{"line":257,"column":52},"end":{"line":257,"column":53}}],"line":257},"34":{"loc":{"start":{"line":258,"column":19},"end":{"line":260,"column":7}},"type":"cond-expr","locations":[{"start":{"line":259,"column":6},"end":{"line":259,"column":68}},{"start":{"line":260,"column":6},"end":{"line":260,"column":7}}],"line":258},"35":{"loc":{"start":{"line":263,"column":38},"end":{"line":263,"column":61}},"type":"binary-expr","locations":[{"start":{"line":263,"column":38},"end":{"line":263,"column":56}},{"start":{"line":263,"column":60},"end":{"line":263,"column":61}}],"line":263},"36":{"loc":{"start":{"line":268,"column":40},"end":{"line":268,"column":63}},"type":"binary-expr","locations":[{"start":{"line":268,"column":40},"end":{"line":268,"column":58}},{"start":{"line":268,"column":62},"end":{"line":268,"column":63}}],"line":268},"37":{"loc":{"start":{"line":271,"column":40},"end":{"line":271,"column":59}},"type":"binary-expr","locations":[{"start":{"line":271,"column":40},"end":{"line":271,"column":54}},{"start":{"line":271,"column":58},"end":{"line":271,"column":59}}],"line":271},"38":{"loc":{"start":{"line":274,"column":40},"end":{"line":274,"column":63}},"type":"binary-expr","locations":[{"start":{"line":274,"column":40},"end":{"line":274,"column":58}},{"start":{"line":274,"column":62},"end":{"line":274,"column":63}}],"line":274},"39":{"loc":{"start":{"line":277,"column":40},"end":{"line":277,"column":67}},"type":"binary-expr","locations":[{"start":{"line":277,"column":40},"end":{"line":277,"column":62}},{"start":{"line":277,"column":66},"end":{"line":277,"column":67}}],"line":277}},"s":{"0":1,"1":1,"2":1,"3":1,"4":12,"5":12,"6":1,"7":11,"8":2,"9":9,"10":1,"11":8,"12":8,"13":8,"14":8,"15":3,"16":8,"17":0,"18":8,"19":8,"20":2,"21":8,"22":0,"23":8,"24":0,"25":8,"26":8,"27":8,"28":8,"29":32,"30":8,"31":3,"32":8,"33":1,"34":0,"35":0,"36":0,"37":0,"38":8,"39":8,"40":8,"41":7,"42":8,"43":6,"44":8,"45":1,"46":8,"47":1,"48":8,"49":8,"50":7,"51":2,"52":5,"53":3,"54":2,"55":6,"56":11,"57":11,"58":5,"59":1,"60":4,"61":7,"62":4,"63":7,"64":4,"65":7,"66":4,"67":7,"68":7,"69":7,"70":7,"71":4,"72":1},"f":{"0":12,"1":32,"2":7,"3":6,"4":11,"5":5,"6":7,"7":7,"8":7,"9":7,"10":7,"11":7,"12":7},"b":{"0":[0],"1":[1],"2":[1],"3":[1],"4":[10],"5":[1,11],"6":[2,9],"7":[1,8],"8":[8,4],"9":[3,5],"10":[0,8],"11":[8,1],"12":[2,6],"13":[0,8],"14":[8,1],"15":[0,8],"16":[8,1],"17":[8,0],"18":[3,5],"19":[1,7],"20":[0,0],"21":[0,0],"22":[8,6],"23":[7,1],"24":[6,2],"25":[1,7],"26":[1,7],"27":[2,5],"28":[3,2],"29":[6,2],"30":[11],"31":[1,4],"32":[5,5],"33":[7,1],"34":[4,0],"35":[7,0],"36":[7,1],"37":[7,1],"38":[7,1],"39":[7,1]},"_coverageSchema":"1a1c01bbd47fc00a2c39e90264f33305004495a9","hash":"f9f06ff8fb46a9d6a328dc8cf9b4523b74218abc"}
,"C:\\Users\\Staff\\Downloads\\tts-studio\\src\\aria\\questionBank.js": {"path":"C:\\Users\\Staff\\Downloads\\tts-studio\\src\\aria\\questionBank.js","statementMap":{"0":{"start":{"line":8,"column":18},"end":{"line":8,"column":55}},"1":{"start":{"line":15,"column":2},"end":{"line":15,"column":56}},"2":{"start":{"line":15,"column":39},"end":{"line":15,"column":56}},"3":{"start":{"line":16,"column":14},"end":{"line":16,"column":47}},"4":{"start":{"line":17,"column":12},"end":{"line":17,"column":22}},"5":{"start":{"line":18,"column":2},"end":{"line":20,"column":3}},"6":{"start":{"line":19,"column":4},"end":{"line":19,"column":25}},"7":{"start":{"line":21,"column":2},"end":{"line":21,"column":40}},"8":{"start":{"line":21,"column":23},"end":{"line":21,"column":40}},"9":{"start":{"line":22,"column":2},"end":{"line":22,"column":58}},"10":{"start":{"line":22,"column":39},"end":{"line":22,"column":58}},"11":{"start":{"line":23,"column":2},"end":{"line":23,"column":44}},"12":{"start":{"line":23,"column":25},"end":{"line":23,"column":44}},"13":{"start":{"line":24,"column":2},"end":{"line":24,"column":38}},"14":{"start":{"line":24,"column":22},"end":{"line":24,"column":38}},"15":{"start":{"line":25,"column":2},"end":{"line":25,"column":19}},"16":{"start":{"line":28,"column":28},"end":{"line":209,"column":1}},"17":{"start":{"line":211,"column":21},"end":{"line":296,"column":1}},"18":{"start":{"line":299,"column":2},"end":{"line":299,"column":32}},"19":{"start":{"line":307,"column":18},"end":{"line":307,"column":48}},"20":{"start":{"line":308,"column":2},"end":{"line":314,"column":3}},"21":{"start":{"line":309,"column":4},"end":{"line":313,"column":6}},"22":{"start":{"line":310,"column":48},"end":{"line":310,"column":56}},"23":{"start":{"line":311,"column":53},"end":{"line":311,"column":61}},"24":{"start":{"line":312,"column":53},"end":{"line":312,"column":61}},"25":{"start":{"line":316,"column":17},"end":{"line":316,"column":47}},"26":{"start":{"line":318,"column":4},"end":{"line":318,"column":62}},"27":{"start":{"line":320,"column":13},"end":{"line":322,"column":4}},"28":{"start":{"line":324,"column":13},"end":{"line":328,"column":3}},"29":{"start":{"line":325,"column":4},"end":{"line":327,"column":6}},"30":{"start":{"line":330,"column":13},"end":{"line":330,"column":47}},"31":{"start":{"line":330,"column":37},"end":{"line":330,"column":45}},"32":{"start":{"line":332,"column":2},"end":{"line":332,"column":28}},"33":{"start":{"line":341,"column":18},"end":{"line":341,"column":48}},"34":{"start":{"line":342,"column":20},"end":{"line":342,"column":57}},"35":{"start":{"line":344,"column":2},"end":{"line":355,"column":3}},"36":{"start":{"line":345,"column":4},"end":{"line":345,"column":72}},"37":{"start":{"line":347,"column":4},"end":{"line":354,"column":5}},"38":{"start":{"line":348,"column":31},"end":{"line":352,"column":7}},"39":{"start":{"line":353,"column":6},"end":{"line":353,"column":39}},"40":{"start":{"line":357,"column":17},"end":{"line":362,"column":5}},"41":{"start":{"line":357,"column":61},"end":{"line":362,"column":3}},"42":{"start":{"line":364,"column":2},"end":{"line":364,"column":28}},"43":{"start":{"line":366,"column":2},"end":{"line":366,"column":19}},"44":{"start":{"line":376,"column":20},"end":{"line":376,"column":47}},"45":{"start":{"line":377,"column":2},"end":{"line":377,"column":65}},"46":{"start":{"line":377,"column":29},"end":{"line":377,"column":55}},"47":{"start":{"line":386,"column":2},"end":{"line":386,"column":44}},"48":{"start":{"line":396,"column":2},"end":{"line":398,"column":3}},"49":{"start":{"line":397,"column":4},"end":{"line":397,"column":72}},"50":{"start":{"line":400,"column":18},"end":{"line":400,"column":48}},"51":{"start":{"line":401,"column":2},"end":{"line":403,"column":3}},"52":{"start":{"line":402,"column":4},"end":{"line":402,"column":77}},"53":{"start":{"line":402,"column":58},"end":{"line":402,"column":75}},"54":{"start":{"line":404,"column":2},"end":{"line":409,"column":3}},"55":{"start":{"line":405,"column":4},"end":{"line":408,"column":8}},"56":{"start":{"line":405,"column":55},"end":{"line":408,"column":5}},"57":{"start":{"line":411,"column":19},"end":{"line":416,"column":3}},"58":{"start":{"line":418,"column":2},"end":{"line":418,"column":31}},"59":{"start":{"line":426,"column":16},"end":{"line":426,"column":58}},"60":{"start":{"line":427,"column":2},"end":{"line":427,"column":80}},"61":{"start":{"line":427,"column":50},"end":{"line":427,"column":77}},"62":{"start":{"line":430,"column":0},"end":{"line":443,"column":2}}},"fnMap":{"0":{"name":"resolveSituationalDomain","decl":{"start":{"line":14,"column":9},"end":{"line":14,"column":33}},"loc":{"start":{"line":14,"column":40},"end":{"line":26,"column":1}},"line":14},"1":{"name":"cloneQuestion","decl":{"start":{"line":298,"column":9},"end":{"line":298,"column":22}},"loc":{"start":{"line":298,"column":42},"end":{"line":300,"column":1}},"line":298},"2":{"name":"buildTailoredBaseQuestions","decl":{"start":{"line":306,"column":9},"end":{"line":306,"column":35}},"loc":{"start":{"line":306,"column":42},"end":{"line":333,"column":1}},"line":306},"3":{"name":"(anonymous_3)","decl":{"start":{"line":310,"column":40},"end":{"line":310,"column":41}},"loc":{"start":{"line":310,"column":48},"end":{"line":310,"column":56}},"line":310},"4":{"name":"(anonymous_4)","decl":{"start":{"line":311,"column":45},"end":{"line":311,"column":46}},"loc":{"start":{"line":311,"column":53},"end":{"line":311,"column":61}},"line":311},"5":{"name":"(anonymous_5)","decl":{"start":{"line":312,"column":45},"end":{"line":312,"column":46}},"loc":{"start":{"line":312,"column":53},"end":{"line":312,"column":61}},"line":312},"6":{"name":"(anonymous_6)","decl":{"start":{"line":324,"column":49},"end":{"line":324,"column":50}},"loc":{"start":{"line":325,"column":4},"end":{"line":327,"column":6}},"line":325},"7":{"name":"(anonymous_7)","decl":{"start":{"line":330,"column":29},"end":{"line":330,"column":30}},"loc":{"start":{"line":330,"column":37},"end":{"line":330,"column":45}},"line":330},"8":{"name":"getInterviewQuestions","decl":{"start":{"line":340,"column":9},"end":{"line":340,"column":30}},"loc":{"start":{"line":340,"column":44},"end":{"line":367,"column":1}},"line":340},"9":{"name":"(anonymous_9)","decl":{"start":{"line":357,"column":53},"end":{"line":357,"column":54}},"loc":{"start":{"line":357,"column":61},"end":{"line":362,"column":3}},"line":357},"10":{"name":"getQuestionByIndex","decl":{"start":{"line":375,"column":9},"end":{"line":375,"column":27}},"loc":{"start":{"line":375,"column":48},"end":{"line":378,"column":1}},"line":375},"11":{"name":"(anonymous_11)","decl":{"start":{"line":377,"column":24},"end":{"line":377,"column":25}},"loc":{"start":{"line":377,"column":29},"end":{"line":377,"column":55}},"line":377},"12":{"name":"getTotalQuestionCount","decl":{"start":{"line":385,"column":9},"end":{"line":385,"column":30}},"loc":{"start":{"line":385,"column":44},"end":{"line":387,"column":1}},"line":385},"13":{"name":"getQuestionsByPhase","decl":{"start":{"line":395,"column":9},"end":{"line":395,"column":28}},"loc":{"start":{"line":395,"column":49},"end":{"line":419,"column":1}},"line":395},"14":{"name":"(anonymous_14)","decl":{"start":{"line":402,"column":51},"end":{"line":402,"column":52}},"loc":{"start":{"line":402,"column":58},"end":{"line":402,"column":75}},"line":402},"15":{"name":"(anonymous_15)","decl":{"start":{"line":405,"column":47},"end":{"line":405,"column":48}},"loc":{"start":{"line":405,"column":55},"end":{"line":408,"column":5}},"line":405},"16":{"name":"takeFirstNInterviewQuestions","decl":{"start":{"line":425,"column":9},"end":{"line":425,"column":37}},"loc":{"start":{"line":425,"column":52},"end":{"line":428,"column":1}},"line":425},"17":{"name":"(anonymous_17)","decl":{"start":{"line":427,"column":39},"end":{"line":427,"column":40}},"loc":{"start":{"line":427,"column":50},"end":{"line":427,"column":77}},"line":427}},"branchMap":{"0":{"loc":{"start":{"line":15,"column":2},"end":{"line":15,"column":56}},"type":"if","locations":[{"start":{"line":15,"column":2},"end":{"line":15,"column":56}},{"start":{},"end":{}}],"line":15},"1":{"loc":{"start":{"line":15,"column":6},"end":{"line":15,"column":37}},"type":"binary-expr","locations":[{"start":{"line":15,"column":6},"end":{"line":15,"column":11}},{"start":{"line":15,"column":15},"end":{"line":15,"column":37}}],"line":15},"2":{"loc":{"start":{"line":18,"column":2},"end":{"line":20,"column":3}},"type":"if","locations":[{"start":{"line":18,"column":2},"end":{"line":20,"column":3}},{"start":{},"end":{}}],"line":18},"3":{"loc":{"start":{"line":21,"column":2},"end":{"line":21,"column":40}},"type":"if","locations":[{"start":{"line":21,"column":2},"end":{"line":21,"column":40}},{"start":{},"end":{}}],"line":21},"4":{"loc":{"start":{"line":22,"column":2},"end":{"line":22,"column":58}},"type":"if","locations":[{"start":{"line":22,"column":2},"end":{"line":22,"column":58}},{"start":{},"end":{}}],"line":22},"5":{"loc":{"start":{"line":22,"column":6},"end":{"line":22,"column":37}},"type":"binary-expr","locations":[{"start":{"line":22,"column":6},"end":{"line":22,"column":23}},{"start":{"line":22,"column":27},"end":{"line":22,"column":37}}],"line":22},"6":{"loc":{"start":{"line":23,"column":2},"end":{"line":23,"column":44}},"type":"if","locations":[{"start":{"line":23,"column":2},"end":{"line":23,"column":44}},{"start":{},"end":{}}],"line":23},"7":{"loc":{"start":{"line":24,"column":2},"end":{"line":24,"column":38}},"type":"if","locations":[{"start":{"line":24,"column":2},"end":{"line":24,"column":38}},{"start":{},"end":{}}],"line":24},"8":{"loc":{"start":{"line":298,"column":26},"end":{"line":298,"column":40}},"type":"default-arg","locations":[{"start":{"line":298,"column":38},"end":{"line":298,"column":40}}],"line":298},"9":{"loc":{"start":{"line":307,"column":18},"end":{"line":307,"column":48}},"type":"binary-expr","locations":[{"start":{"line":307,"column":18},"end":{"line":307,"column":22}},{"start":{"line":307,"column":26},"end":{"line":307,"column":48}}],"line":307},"10":{"loc":{"start":{"line":308,"column":2},"end":{"line":314,"column":3}},"type":"if","locations":[{"start":{"line":308,"column":2},"end":{"line":314,"column":3}},{"start":{},"end":{}}],"line":308},"11":{"loc":{"start":{"line":318,"column":4},"end":{"line":318,"column":62}},"type":"binary-expr","locations":[{"start":{"line":318,"column":4},"end":{"line":318,"column":31}},{"start":{"line":318,"column":35},"end":{"line":318,"column":62}}],"line":318},"12":{"loc":{"start":{"line":340,"column":31},"end":{"line":340,"column":42}},"type":"default-arg","locations":[{"start":{"line":340,"column":38},"end":{"line":340,"column":42}}],"line":340},"13":{"loc":{"start":{"line":341,"column":18},"end":{"line":341,"column":48}},"type":"binary-expr","locations":[{"start":{"line":341,"column":18},"end":{"line":341,"column":22}},{"start":{"line":341,"column":26},"end":{"line":341,"column":48}}],"line":341},"14":{"loc":{"start":{"line":344,"column":2},"end":{"line":355,"column":3}},"type":"if","locations":[{"start":{"line":344,"column":2},"end":{"line":355,"column":3}},{"start":{"line":346,"column":9},"end":{"line":355,"column":3}}],"line":344},"15":{"loc":{"start":{"line":347,"column":4},"end":{"line":354,"column":5}},"type":"if","locations":[{"start":{"line":347,"column":4},"end":{"line":354,"column":5}},{"start":{},"end":{}}],"line":347},"16":{"loc":{"start":{"line":359,"column":10},"end":{"line":361,"column":14}},"type":"cond-expr","locations":[{"start":{"line":360,"column":8},"end":{"line":360,"column":79}},{"start":{"line":361,"column":8},"end":{"line":361,"column":14}}],"line":359},"17":{"loc":{"start":{"line":375,"column":35},"end":{"line":375,"column":46}},"type":"default-arg","locations":[{"start":{"line":375,"column":42},"end":{"line":375,"column":46}}],"line":375},"18":{"loc":{"start":{"line":377,"column":9},"end":{"line":377,"column":64}},"type":"binary-expr","locations":[{"start":{"line":377,"column":9},"end":{"line":377,"column":56}},{"start":{"line":377,"column":60},"end":{"line":377,"column":64}}],"line":377},"19":{"loc":{"start":{"line":385,"column":31},"end":{"line":385,"column":42}},"type":"default-arg","locations":[{"start":{"line":385,"column":38},"end":{"line":385,"column":42}}],"line":385},"20":{"loc":{"start":{"line":395,"column":36},"end":{"line":395,"column":47}},"type":"default-arg","locations":[{"start":{"line":395,"column":43},"end":{"line":395,"column":47}}],"line":395},"21":{"loc":{"start":{"line":396,"column":2},"end":{"line":398,"column":3}},"type":"if","locations":[{"start":{"line":396,"column":2},"end":{"line":398,"column":3}},{"start":{},"end":{}}],"line":396},"22":{"loc":{"start":{"line":397,"column":11},"end":{"line":397,"column":71}},"type":"cond-expr","locations":[{"start":{"line":397,"column":18},"end":{"line":397,"column":66}},{"start":{"line":397,"column":69},"end":{"line":397,"column":71}}],"line":397},"23":{"loc":{"start":{"line":400,"column":18},"end":{"line":400,"column":48}},"type":"binary-expr","locations":[{"start":{"line":400,"column":18},"end":{"line":400,"column":22}},{"start":{"line":400,"column":26},"end":{"line":400,"column":48}}],"line":400},"24":{"loc":{"start":{"line":401,"column":2},"end":{"line":403,"column":3}},"type":"if","locations":[{"start":{"line":401,"column":2},"end":{"line":403,"column":3}},{"start":{},"end":{}}],"line":401},"25":{"loc":{"start":{"line":401,"column":6},"end":{"line":401,"column":42}},"type":"binary-expr","locations":[{"start":{"line":401,"column":6},"end":{"line":401,"column":13}},{"start":{"line":401,"column":17},"end":{"line":401,"column":42}}],"line":401},"26":{"loc":{"start":{"line":404,"column":2},"end":{"line":409,"column":3}},"type":"if","locations":[{"start":{"line":404,"column":2},"end":{"line":409,"column":3}},{"start":{},"end":{}}],"line":404},"27":{"loc":{"start":{"line":404,"column":6},"end":{"line":404,"column":28}},"type":"binary-expr","locations":[{"start":{"line":404,"column":6},"end":{"line":404,"column":13}},{"start":{"line":404,"column":17},"end":{"line":404,"column":28}}],"line":404},"28":{"loc":{"start":{"line":418,"column":9},"end":{"line":418,"column":30}},"type":"binary-expr","locations":[{"start":{"line":418,"column":9},"end":{"line":418,"column":24}},{"start":{"line":418,"column":28},"end":{"line":418,"column":30}}],"line":418}},"s":{"0":1,"1":17,"2":0,"3":17,"4":17,"5":17,"6":9,"7":8,"8":6,"9":2,"10":1,"11":1,"12":0,"13":1,"14":0,"15":1,"16":1,"17":1,"18":68,"19":26,"20":26,"21":9,"22":9,"23":27,"24":36,"25":17,"26":17,"27":17,"28":17,"29":51,"30":17,"31":68,"32":17,"33":26,"34":26,"35":26,"36":17,"37":9,"38":9,"39":9,"40":26,"41":26,"42":26,"43":26,"44":5,"45":5,"46":38,"47":6,"48":7,"49":2,"50":5,"51":5,"52":0,"53":0,"54":5,"55":0,"56":0,"57":5,"58":5,"59":2,"60":2,"61":3,"62":1},"f":{"0":17,"1":68,"2":26,"3":9,"4":27,"5":36,"6":51,"7":68,"8":26,"9":26,"10":5,"11":38,"12":6,"13":7,"14":0,"15":0,"16":2,"17":3},"b":{"0":[0,17],"1":[17,17],"2":[9,8],"3":[6,2],"4":[1,1],"5":[2,1],"6":[0,1],"7":[0,1],"8":[0],"9":[26,17],"10":[9,17],"11":[17,0],"12":[2],"13":[26,17],"14":[17,9],"15":[9,0],"16":[17,9],"17":[2],"18":[5,1],"19":[3],"20":[6],"21":[2,5],"22":[1,1],"23":[5,0],"24":[0,5],"25":[5,0],"26":[0,5],"27":[5,0],"28":[5,1]},"_coverageSchema":"1a1c01bbd47fc00a2c39e90264f33305004495a9","hash":"dafcd9fdf2f448b15f7279a82c4592c276da583c"}
,"C:\\Users\\Staff\\Downloads\\tts-studio\\src\\aria\\session.js": {"path":"C:\\Users\\Staff\\Downloads\\tts-studio\\src\\aria\\session.js","statementMap":{"0":{"start":{"line":7,"column":23},"end":{"line":7,"column":38}},"1":{"start":{"line":11,"column":4},"end":{"line":11,"column":44}},"2":{"start":{"line":12,"column":4},"end":{"line":16,"column":6}},"3":{"start":{"line":19,"column":4},"end":{"line":19,"column":24}},"4":{"start":{"line":20,"column":4},"end":{"line":20,"column":28}},"5":{"start":{"line":21,"column":4},"end":{"line":21,"column":19}},"6":{"start":{"line":22,"column":4},"end":{"line":22,"column":33}},"7":{"start":{"line":23,"column":4},"end":{"line":23,"column":25}},"8":{"start":{"line":26,"column":4},"end":{"line":26,"column":22}},"9":{"start":{"line":27,"column":4},"end":{"line":27,"column":35}},"10":{"start":{"line":28,"column":4},"end":{"line":28,"column":35}},"11":{"start":{"line":31,"column":4},"end":{"line":31,"column":47}},"12":{"start":{"line":32,"column":4},"end":{"line":32,"column":74}},"13":{"start":{"line":33,"column":4},"end":{"line":33,"column":50}},"14":{"start":{"line":40,"column":24},"end":{"line":48,"column":5}},"15":{"start":{"line":50,"column":4},"end":{"line":52,"column":5}},"16":{"start":{"line":51,"column":6},"end":{"line":51,"column":52}},"17":{"start":{"line":55,"column":26},"end":{"line":63,"column":5}},"18":{"start":{"line":65,"column":4},"end":{"line":69,"column":5}},"19":{"start":{"line":66,"column":6},"end":{"line":68,"column":8}},"20":{"start":{"line":71,"column":4},"end":{"line":71,"column":26}},"21":{"start":{"line":72,"column":4},"end":{"line":72,"column":50}},"22":{"start":{"line":79,"column":19},"end":{"line":93,"column":5}},"23":{"start":{"line":95,"column":4},"end":{"line":95,"column":30}},"24":{"start":{"line":96,"column":4},"end":{"line":96,"column":18}},"25":{"start":{"line":103,"column":4},"end":{"line":105,"column":5}},"26":{"start":{"line":104,"column":6},"end":{"line":104,"column":46}},"27":{"start":{"line":107,"column":23},"end":{"line":107,"column":60}},"28":{"start":{"line":108,"column":4},"end":{"line":117,"column":6}},"29":{"start":{"line":119,"column":4},"end":{"line":119,"column":22}},"30":{"start":{"line":126,"column":4},"end":{"line":126,"column":26}},"31":{"start":{"line":127,"column":4},"end":{"line":127,"column":33}},"32":{"start":{"line":128,"column":4},"end":{"line":128,"column":35}},"33":{"start":{"line":129,"column":4},"end":{"line":129,"column":35}},"34":{"start":{"line":136,"column":4},"end":{"line":136,"column":31}},"35":{"start":{"line":137,"column":4},"end":{"line":137,"column":36}},"36":{"start":{"line":144,"column":4},"end":{"line":144,"column":56}},"37":{"start":{"line":151,"column":4},"end":{"line":151,"column":50}},"38":{"start":{"line":158,"column":4},"end":{"line":158,"column":79}},"39":{"start":{"line":165,"column":26},"end":{"line":165,"column":45}},"40":{"start":{"line":166,"column":25},"end":{"line":166,"column":73}},"41":{"start":{"line":168,"column":23},"end":{"line":170,"column":9}},"42":{"start":{"line":169,"column":40},"end":{"line":169,"column":67}},"43":{"start":{"line":172,"column":4},"end":{"line":188,"column":6}},"44":{"start":{"line":180,"column":50},"end":{"line":185,"column":7}},"45":{"start":{"line":195,"column":4},"end":{"line":207,"column":6}},"46":{"start":{"line":211,"column":0},"end":{"line":211,"column":29}}},"fnMap":{"0":{"name":"(anonymous_0)","decl":{"start":{"line":10,"column":2},"end":{"line":10,"column":3}},"loc":{"start":{"line":10,"column":36},"end":{"line":34,"column":3}},"line":10},"1":{"name":"(anonymous_1)","decl":{"start":{"line":39,"column":2},"end":{"line":39,"column":3}},"loc":{"start":{"line":39,"column":28},"end":{"line":73,"column":3}},"line":39},"2":{"name":"(anonymous_2)","decl":{"start":{"line":78,"column":2},"end":{"line":78,"column":3}},"loc":{"start":{"line":78,"column":61},"end":{"line":97,"column":3}},"line":78},"3":{"name":"(anonymous_3)","decl":{"start":{"line":102,"column":2},"end":{"line":102,"column":3}},"loc":{"start":{"line":102,"column":33},"end":{"line":120,"column":3}},"line":102},"4":{"name":"(anonymous_4)","decl":{"start":{"line":125,"column":2},"end":{"line":125,"column":3}},"loc":{"start":{"line":125,"column":17},"end":{"line":130,"column":3}},"line":125},"5":{"name":"(anonymous_5)","decl":{"start":{"line":135,"column":2},"end":{"line":135,"column":3}},"loc":{"start":{"line":135,"column":19},"end":{"line":138,"column":3}},"line":135},"6":{"name":"(anonymous_6)","decl":{"start":{"line":143,"column":2},"end":{"line":143,"column":3}},"loc":{"start":{"line":143,"column":25},"end":{"line":145,"column":3}},"line":143},"7":{"name":"(anonymous_7)","decl":{"start":{"line":150,"column":2},"end":{"line":150,"column":3}},"loc":{"start":{"line":150,"column":14},"end":{"line":152,"column":3}},"line":150},"8":{"name":"(anonymous_8)","decl":{"start":{"line":157,"column":2},"end":{"line":157,"column":3}},"loc":{"start":{"line":157,"column":25},"end":{"line":159,"column":3}},"line":157},"9":{"name":"(anonymous_9)","decl":{"start":{"line":164,"column":2},"end":{"line":164,"column":3}},"loc":{"start":{"line":164,"column":15},"end":{"line":189,"column":3}},"line":164},"10":{"name":"(anonymous_10)","decl":{"start":{"line":169,"column":28},"end":{"line":169,"column":29}},"loc":{"start":{"line":169,"column":40},"end":{"line":169,"column":67}},"line":169},"11":{"name":"(anonymous_11)","decl":{"start":{"line":180,"column":37},"end":{"line":180,"column":38}},"loc":{"start":{"line":180,"column":50},"end":{"line":185,"column":7}},"line":180},"12":{"name":"(anonymous_12)","decl":{"start":{"line":194,"column":2},"end":{"line":194,"column":3}},"loc":{"start":{"line":194,"column":11},"end":{"line":208,"column":3}},"line":194}},"branchMap":{"0":{"loc":{"start":{"line":11,"column":22},"end":{"line":11,"column":43}},"type":"binary-expr","locations":[{"start":{"line":11,"column":22},"end":{"line":11,"column":31}},{"start":{"line":11,"column":35},"end":{"line":11,"column":43}}],"line":11},"1":{"loc":{"start":{"line":13,"column":12},"end":{"line":13,"column":41}},"type":"binary-expr","locations":[{"start":{"line":13,"column":12},"end":{"line":13,"column":26}},{"start":{"line":13,"column":30},"end":{"line":13,"column":41}}],"line":13},"2":{"loc":{"start":{"line":14,"column":12},"end":{"line":14,"column":43}},"type":"binary-expr","locations":[{"start":{"line":14,"column":12},"end":{"line":14,"column":26}},{"start":{"line":14,"column":30},"end":{"line":14,"column":43}}],"line":14},"3":{"loc":{"start":{"line":15,"column":16},"end":{"line":15,"column":45}},"type":"binary-expr","locations":[{"start":{"line":15,"column":16},"end":{"line":15,"column":34}},{"start":{"line":15,"column":38},"end":{"line":15,"column":45}}],"line":15},"4":{"loc":{"start":{"line":50,"column":4},"end":{"line":52,"column":5}},"type":"if","locations":[{"start":{"line":50,"column":4},"end":{"line":52,"column":5}},{"start":{},"end":{}}],"line":50},"5":{"loc":{"start":{"line":65,"column":4},"end":{"line":69,"column":5}},"type":"if","locations":[{"start":{"line":65,"column":4},"end":{"line":69,"column":5}},{"start":{},"end":{}}],"line":65},"6":{"loc":{"start":{"line":78,"column":49},"end":{"line":78,"column":59}},"type":"default-arg","locations":[{"start":{"line":78,"column":57},"end":{"line":78,"column":59}}],"line":78},"7":{"loc":{"start":{"line":82,"column":18},"end":{"line":82,"column":45}},"type":"binary-expr","locations":[{"start":{"line":82,"column":18},"end":{"line":82,"column":40}},{"start":{"line":82,"column":44},"end":{"line":82,"column":45}}],"line":82},"8":{"loc":{"start":{"line":83,"column":24},"end":{"line":83,"column":49}},"type":"binary-expr","locations":[{"start":{"line":83,"column":24},"end":{"line":83,"column":44}},{"start":{"line":83,"column":48},"end":{"line":83,"column":49}}],"line":83},"9":{"loc":{"start":{"line":103,"column":4},"end":{"line":105,"column":5}},"type":"if","locations":[{"start":{"line":103,"column":4},"end":{"line":105,"column":5}},{"start":{},"end":{}}],"line":103},"10":{"loc":{"start":{"line":109,"column":17},"end":{"line":109,"column":38}},"type":"binary-expr","locations":[{"start":{"line":109,"column":17},"end":{"line":109,"column":33}},{"start":{"line":109,"column":37},"end":{"line":109,"column":38}}],"line":109},"11":{"loc":{"start":{"line":110,"column":13},"end":{"line":110,"column":30}},"type":"binary-expr","locations":[{"start":{"line":110,"column":13},"end":{"line":110,"column":25}},{"start":{"line":110,"column":29},"end":{"line":110,"column":30}}],"line":110},"12":{"loc":{"start":{"line":111,"column":17},"end":{"line":111,"column":38}},"type":"binary-expr","locations":[{"start":{"line":111,"column":17},"end":{"line":111,"column":33}},{"start":{"line":111,"column":37},"end":{"line":111,"column":38}}],"line":111},"13":{"loc":{"start":{"line":112,"column":21},"end":{"line":112,"column":46}},"type":"binary-expr","locations":[{"start":{"line":112,"column":21},"end":{"line":112,"column":41}},{"start":{"line":112,"column":45},"end":{"line":112,"column":46}}],"line":112},"14":{"loc":{"start":{"line":113,"column":14},"end":{"line":113,"column":35}},"type":"binary-expr","locations":[{"start":{"line":113,"column":14},"end":{"line":113,"column":30}},{"start":{"line":113,"column":34},"end":{"line":113,"column":35}}],"line":113},"15":{"loc":{"start":{"line":114,"column":14},"end":{"line":114,"column":31}},"type":"binary-expr","locations":[{"start":{"line":114,"column":14},"end":{"line":114,"column":26}},{"start":{"line":114,"column":30},"end":{"line":114,"column":31}}],"line":114},"16":{"loc":{"start":{"line":115,"column":14},"end":{"line":115,"column":35}},"type":"binary-expr","locations":[{"start":{"line":115,"column":14},"end":{"line":115,"column":30}},{"start":{"line":115,"column":34},"end":{"line":115,"column":35}}],"line":115},"17":{"loc":{"start":{"line":116,"column":14},"end":{"line":116,"column":39}},"type":"binary-expr","locations":[{"start":{"line":116,"column":14},"end":{"line":116,"column":34}},{"start":{"line":116,"column":38},"end":{"line":116,"column":39}}],"line":116},"18":{"loc":{"start":{"line":157,"column":12},"end":{"line":157,"column":23}},"type":"default-arg","locations":[{"start":{"line":157,"column":22},"end":{"line":157,"column":23}}],"line":157},"19":{"loc":{"start":{"line":168,"column":23},"end":{"line":170,"column":9}},"type":"cond-expr","locations":[{"start":{"line":169,"column":8},"end":{"line":169,"column":93}},{"start":{"line":170,"column":8},"end":{"line":170,"column":9}}],"line":168},"20":{"loc":{"start":{"line":169,"column":47},"end":{"line":169,"column":66}},"type":"binary-expr","locations":[{"start":{"line":169,"column":47},"end":{"line":169,"column":61}},{"start":{"line":169,"column":65},"end":{"line":169,"column":66}}],"line":169}},"s":{"0":2,"1":67,"2":67,"3":67,"4":67,"5":67,"6":67,"7":67,"8":67,"9":67,"10":67,"11":67,"12":67,"13":67,"14":21,"15":21,"16":1,"17":20,"18":20,"19":1,"20":19,"21":19,"22":14,"23":14,"24":14,"25":8,"26":1,"27":7,"28":7,"29":7,"30":6,"31":6,"32":6,"33":6,"34":13,"35":13,"36":9,"37":2,"38":2,"39":5,"40":5,"41":5,"42":4,"43":5,"44":4,"45":2,"46":2},"f":{"0":67,"1":21,"2":14,"3":8,"4":6,"5":13,"6":9,"7":2,"8":2,"9":5,"10":4,"11":4,"12":2},"b":{"0":[67,1],"1":[67,1],"2":[67,2],"3":[67,34],"4":[1,20],"5":[1,19],"6":[13],"7":[14,0],"8":[14,0],"9":[1,7],"10":[7,0],"11":[7,0],"12":[7,1],"13":[7,1],"14":[7,0],"15":[7,0],"16":[7,1],"17":[7,1],"18":[1],"19":[3,2],"20":[4,0]},"_coverageSchema":"1a1c01bbd47fc00a2c39e90264f33305004495a9","hash":"bcb9d77dd0af7f34afab5434fa9b204fbaaea4f3"}
,"C:\\Users\\Staff\\Downloads\\tts-studio\\src\\aria\\stateTransitions.js": {"path":"C:\\Users\\Staff\\Downloads\\tts-studio\\src\\aria\\stateTransitions.js","statementMap":{"0":{"start":{"line":7,"column":20},"end":{"line":15,"column":1}},"1":{"start":{"line":17,"column":24},"end":{"line":25,"column":1}},"2":{"start":{"line":33,"column":2},"end":{"line":33,"column":37}},"3":{"start":{"line":43,"column":2},"end":{"line":47,"column":4}},"4":{"start":{"line":56,"column":2},"end":{"line":56,"column":42}},"5":{"start":{"line":68,"column":2},"end":{"line":73,"column":3}},"6":{"start":{"line":69,"column":4},"end":{"line":72,"column":6}},"7":{"start":{"line":76,"column":2},"end":{"line":117,"column":3}},"8":{"start":{"line":78,"column":6},"end":{"line":83,"column":7}},"9":{"start":{"line":79,"column":8},"end":{"line":82,"column":10}},"10":{"start":{"line":84,"column":6},"end":{"line":84,"column":12}},"11":{"start":{"line":87,"column":6},"end":{"line":92,"column":7}},"12":{"start":{"line":88,"column":8},"end":{"line":91,"column":10}},"13":{"start":{"line":93,"column":6},"end":{"line":98,"column":7}},"14":{"start":{"line":94,"column":8},"end":{"line":97,"column":10}},"15":{"start":{"line":99,"column":6},"end":{"line":99,"column":12}},"16":{"start":{"line":102,"column":6},"end":{"line":107,"column":7}},"17":{"start":{"line":103,"column":8},"end":{"line":106,"column":10}},"18":{"start":{"line":108,"column":6},"end":{"line":108,"column":12}},"19":{"start":{"line":113,"column":6},"end":{"line":113,"column":12}},"20":{"start":{"line":116,"column":6},"end":{"line":116,"column":12}},"21":{"start":{"line":119,"column":2},"end":{"line":119,"column":38}},"22":{"start":{"line":131,"column":21},"end":{"line":131,"column":66}},"23":{"start":{"line":132,"column":2},"end":{"line":139,"column":3}},"24":{"start":{"line":133,"column":4},"end":{"line":138,"column":6}},"25":{"start":{"line":141,"column":18},"end":{"line":141,"column":20}},"26":{"start":{"line":142,"column":17},"end":{"line":142,"column":24}},"27":{"start":{"line":145,"column":2},"end":{"line":228,"column":3}},"28":{"start":{"line":146,"column":4},"end":{"line":210,"column":5}},"29":{"start":{"line":148,"column":8},"end":{"line":152,"column":11}},"30":{"start":{"line":153,"column":8},"end":{"line":153,"column":14}},"31":{"start":{"line":156,"column":8},"end":{"line":156,"column":31}},"32":{"start":{"line":157,"column":8},"end":{"line":160,"column":11}},"33":{"start":{"line":161,"column":8},"end":{"line":163,"column":11}},"34":{"start":{"line":164,"column":8},"end":{"line":164,"column":14}},"35":{"start":{"line":167,"column":8},"end":{"line":169,"column":11}},"36":{"start":{"line":170,"column":8},"end":{"line":170,"column":14}},"37":{"start":{"line":174,"column":8},"end":{"line":179,"column":11}},"38":{"start":{"line":180,"column":8},"end":{"line":180,"column":14}},"39":{"start":{"line":183,"column":27},"end":{"line":183,"column":51}},"40":{"start":{"line":184,"column":8},"end":{"line":188,"column":11}},"41":{"start":{"line":189,"column":8},"end":{"line":193,"column":11}},"42":{"start":{"line":194,"column":8},"end":{"line":194,"column":14}},"43":{"start":{"line":197,"column":8},"end":{"line":201,"column":11}},"44":{"start":{"line":202,"column":8},"end":{"line":205,"column":11}},"45":{"start":{"line":206,"column":8},"end":{"line":206,"column":14}},"46":{"start":{"line":209,"column":8},"end":{"line":209,"column":14}},"47":{"start":{"line":213,"column":4},"end":{"line":213,"column":37}},"48":{"start":{"line":215,"column":4},"end":{"line":220,"column":6}},"49":{"start":{"line":222,"column":4},"end":{"line":227,"column":6}},"50":{"start":{"line":239,"column":33},"end":{"line":239,"column":43}},"51":{"start":{"line":242,"column":2},"end":{"line":249,"column":3}},"52":{"start":{"line":243,"column":4},"end":{"line":248,"column":5}},"53":{"start":{"line":244,"column":6},"end":{"line":244,"column":28}},"54":{"start":{"line":247,"column":6},"end":{"line":247,"column":24}},"55":{"start":{"line":252,"column":19},"end":{"line":252,"column":38}},"56":{"start":{"line":253,"column":2},"end":{"line":256,"column":3}},"57":{"start":{"line":255,"column":4},"end":{"line":255,"column":22}},"58":{"start":{"line":259,"column":2},"end":{"line":261,"column":3}},"59":{"start":{"line":260,"column":4},"end":{"line":260,"column":22}},"60":{"start":{"line":264,"column":2},"end":{"line":264,"column":19}},"61":{"start":{"line":273,"column":2},"end":{"line":273,"column":36}},"62":{"start":{"line":273,"column":27},"end":{"line":273,"column":36}},"63":{"start":{"line":274,"column":2},"end":{"line":274,"column":35}},"64":{"start":{"line":274,"column":26},"end":{"line":274,"column":35}},"65":{"start":{"line":275,"column":2},"end":{"line":275,"column":35}},"66":{"start":{"line":275,"column":26},"end":{"line":275,"column":35}},"67":{"start":{"line":276,"column":2},"end":{"line":276,"column":36}},"68":{"start":{"line":276,"column":27},"end":{"line":276,"column":36}},"69":{"start":{"line":277,"column":2},"end":{"line":277,"column":11}},"70":{"start":{"line":280,"column":0},"end":{"line":290,"column":2}}},"fnMap":{"0":{"name":"isValidState","decl":{"start":{"line":32,"column":9},"end":{"line":32,"column":21}},"loc":{"start":{"line":32,"column":29},"end":{"line":34,"column":1}},"line":32},"1":{"name":"isValidTransition","decl":{"start":{"line":42,"column":9},"end":{"line":42,"column":26}},"loc":{"start":{"line":42,"column":47},"end":{"line":48,"column":1}},"line":42},"2":{"name":"getAllowedTransitions","decl":{"start":{"line":55,"column":9},"end":{"line":55,"column":30}},"loc":{"start":{"line":55,"column":42},"end":{"line":57,"column":1}},"line":55},"3":{"name":"validateTransition","decl":{"start":{"line":66,"column":9},"end":{"line":66,"column":27}},"loc":{"start":{"line":66,"column":60},"end":{"line":120,"column":1}},"line":66},"4":{"name":"executeTransition","decl":{"start":{"line":129,"column":9},"end":{"line":129,"column":26}},"loc":{"start":{"line":129,"column":59},"end":{"line":229,"column":1}},"line":129},"5":{"name":"getNextStateAfterEvaluation","decl":{"start":{"line":238,"column":9},"end":{"line":238,"column":36}},"loc":{"start":{"line":238,"column":74},"end":{"line":265,"column":1}},"line":238},"6":{"name":"getPhaseFromQuestionIndex","decl":{"start":{"line":272,"column":9},"end":{"line":272,"column":34}},"loc":{"start":{"line":272,"column":50},"end":{"line":278,"column":1}},"line":272}},"branchMap":{"0":{"loc":{"start":{"line":44,"column":4},"end":{"line":46,"column":49}},"type":"binary-expr","locations":[{"start":{"line":44,"column":4},"end":{"line":44,"column":27}},{"start":{"line":45,"column":4},"end":{"line":45,"column":25}},{"start":{"line":46,"column":4},"end":{"line":46,"column":49}}],"line":44},"1":{"loc":{"start":{"line":56,"column":9},"end":{"line":56,"column":41}},"type":"binary-expr","locations":[{"start":{"line":56,"column":9},"end":{"line":56,"column":35}},{"start":{"line":56,"column":39},"end":{"line":56,"column":41}}],"line":56},"2":{"loc":{"start":{"line":66,"column":46},"end":{"line":66,"column":58}},"type":"default-arg","locations":[{"start":{"line":66,"column":56},"end":{"line":66,"column":58}}],"line":66},"3":{"loc":{"start":{"line":68,"column":2},"end":{"line":73,"column":3}},"type":"if","locations":[{"start":{"line":68,"column":2},"end":{"line":73,"column":3}},{"start":{},"end":{}}],"line":68},"4":{"loc":{"start":{"line":76,"column":2},"end":{"line":117,"column":3}},"type":"switch","locations":[{"start":{"line":77,"column":4},"end":{"line":84,"column":12}},{"start":{"line":86,"column":4},"end":{"line":99,"column":12}},{"start":{"line":101,"column":4},"end":{"line":108,"column":12}},{"start":{"line":110,"column":4},"end":{"line":113,"column":12}},{"start":{"line":115,"column":4},"end":{"line":116,"column":12}}],"line":76},"5":{"loc":{"start":{"line":78,"column":6},"end":{"line":83,"column":7}},"type":"if","locations":[{"start":{"line":78,"column":6},"end":{"line":83,"column":7}},{"start":{},"end":{}}],"line":78},"6":{"loc":{"start":{"line":78,"column":10},"end":{"line":78,"column":74}},"type":"binary-expr","locations":[{"start":{"line":78,"column":10},"end":{"line":78,"column":38}},{"start":{"line":78,"column":42},"end":{"line":78,"column":74}}],"line":78},"7":{"loc":{"start":{"line":87,"column":6},"end":{"line":92,"column":7}},"type":"if","locations":[{"start":{"line":87,"column":6},"end":{"line":92,"column":7}},{"start":{},"end":{}}],"line":87},"8":{"loc":{"start":{"line":87,"column":10},"end":{"line":87,"column":71}},"type":"binary-expr","locations":[{"start":{"line":87,"column":10},"end":{"line":87,"column":29}},{"start":{"line":87,"column":33},"end":{"line":87,"column":71}}],"line":87},"9":{"loc":{"start":{"line":93,"column":6},"end":{"line":98,"column":7}},"type":"if","locations":[{"start":{"line":93,"column":6},"end":{"line":98,"column":7}},{"start":{},"end":{}}],"line":93},"10":{"loc":{"start":{"line":102,"column":6},"end":{"line":107,"column":7}},"type":"if","locations":[{"start":{"line":102,"column":6},"end":{"line":107,"column":7}},{"start":{},"end":{}}],"line":102},"11":{"loc":{"start":{"line":129,"column":45},"end":{"line":129,"column":57}},"type":"default-arg","locations":[{"start":{"line":129,"column":55},"end":{"line":129,"column":57}}],"line":129},"12":{"loc":{"start":{"line":132,"column":2},"end":{"line":139,"column":3}},"type":"if","locations":[{"start":{"line":132,"column":2},"end":{"line":139,"column":3}},{"start":{},"end":{}}],"line":132},"13":{"loc":{"start":{"line":146,"column":4},"end":{"line":210,"column":5}},"type":"switch","locations":[{"start":{"line":147,"column":6},"end":{"line":153,"column":14}},{"start":{"line":155,"column":6},"end":{"line":164,"column":14}},{"start":{"line":166,"column":6},"end":{"line":170,"column":14}},{"start":{"line":172,"column":6},"end":{"line":180,"column":14}},{"start":{"line":182,"column":6},"end":{"line":194,"column":14}},{"start":{"line":196,"column":6},"end":{"line":206,"column":14}},{"start":{"line":208,"column":6},"end":{"line":209,"column":14}}],"line":146},"14":{"loc":{"start":{"line":242,"column":2},"end":{"line":249,"column":3}},"type":"if","locations":[{"start":{"line":242,"column":2},"end":{"line":249,"column":3}},{"start":{},"end":{}}],"line":242},"15":{"loc":{"start":{"line":242,"column":6},"end":{"line":242,"column":67}},"type":"binary-expr","locations":[{"start":{"line":242,"column":6},"end":{"line":242,"column":10}},{"start":{"line":242,"column":14},"end":{"line":242,"column":67}}],"line":242},"16":{"loc":{"start":{"line":243,"column":4},"end":{"line":248,"column":5}},"type":"if","locations":[{"start":{"line":243,"column":4},"end":{"line":248,"column":5}},{"start":{"line":245,"column":11},"end":{"line":248,"column":5}}],"line":243},"17":{"loc":{"start":{"line":253,"column":2},"end":{"line":256,"column":3}},"type":"if","locations":[{"start":{"line":253,"column":2},"end":{"line":256,"column":3}},{"start":{},"end":{}}],"line":253},"18":{"loc":{"start":{"line":253,"column":6},"end":{"line":253,"column":28}},"type":"binary-expr","locations":[{"start":{"line":253,"column":6},"end":{"line":253,"column":14}},{"start":{"line":253,"column":18},"end":{"line":253,"column":28}}],"line":253},"19":{"loc":{"start":{"line":259,"column":2},"end":{"line":261,"column":3}},"type":"if","locations":[{"start":{"line":259,"column":2},"end":{"line":261,"column":3}},{"start":{},"end":{}}],"line":259},"20":{"loc":{"start":{"line":273,"column":2},"end":{"line":273,"column":36}},"type":"if","locations":[{"start":{"line":273,"column":2},"end":{"line":273,"column":36}},{"start":{},"end":{}}],"line":273},"21":{"loc":{"start":{"line":274,"column":2},"end":{"line":274,"column":35}},"type":"if","locations":[{"start":{"line":274,"column":2},"end":{"line":274,"column":35}},{"start":{},"end":{}}],"line":274},"22":{"loc":{"start":{"line":275,"column":2},"end":{"line":275,"column":35}},"type":"if","locations":[{"start":{"line":275,"column":2},"end":{"line":275,"column":35}},{"start":{},"end":{}}],"line":275},"23":{"loc":{"start":{"line":276,"column":2},"end":{"line":276,"column":36}},"type":"if","locations":[{"start":{"line":276,"column":2},"end":{"line":276,"column":36}},{"start":{},"end":{}}],"line":276}},"s":{"0":1,"1":1,"2":83,"3":36,"4":5,"5":24,"6":2,"7":22,"8":5,"9":0,"10":5,"11":6,"12":1,"13":5,"14":1,"15":4,"16":4,"17":1,"18":3,"19":1,"20":6,"21":19,"22":16,"23":16,"24":1,"25":15,"26":15,"27":15,"28":15,"29":3,"30":3,"31":3,"32":3,"33":3,"34":3,"35":3,"36":3,"37":3,"38":3,"39":2,"40":2,"41":2,"42":2,"43":1,"44":1,"45":1,"46":0,"47":15,"48":15,"49":0,"50":5,"51":5,"52":3,"53":2,"54":1,"55":2,"56":2,"57":0,"58":2,"59":1,"60":1,"61":12,"62":1,"63":11,"64":3,"65":8,"66":4,"67":4,"68":2,"69":2,"70":1},"f":{"0":83,"1":36,"2":5,"3":24,"4":16,"5":5,"6":12},"b":{"0":[36,36,36],"1":[5,0],"2":[5],"3":[2,22],"4":[5,6,4,1,6],"5":[0,5],"6":[5,2],"7":[1,5],"8":[6,5],"9":[1,4],"10":[1,3],"11":[13],"12":[1,15],"13":[3,3,3,3,2,1,0],"14":[3,2],"15":[5,3],"16":[2,1],"17":[0,2],"18":[2,1],"19":[1,1],"20":[1,11],"21":[3,8],"22":[4,4],"23":[2,2]},"_coverageSchema":"1a1c01bbd47fc00a2c39e90264f33305004495a9","hash":"80b141a87cf9043dd711fd8ee555d4c268369512"}
}
