{"C:\\Users\\Staff\\Downloads\\tts-studio\\src\\aria\\evaluator.js": {"path":"C:\\Users\\Staff\\Downloads\\tts-studio\\src\\aria\\evaluator.js","statementMap":{"0":{"start":{"line":7,"column":24},"end":{"line":21,"column":1}},"1":{"start":{"line":23,"column":20},"end":{"line":40,"column":1}},"2":{"start":{"line":42,"column":24},"end":{"line":59,"column":1}},"3":{"start":{"line":61,"column":28},"end":{"line":82,"column":1}},"4":{"start":{"line":97,"column":6},"end":{"line":97,"column":12}},"5":{"start":{"line":100,"column":2},"end":{"line":110,"column":3}},"6":{"start":{"line":101,"column":4},"end":{"line":109,"column":6}},"7":{"start":{"line":112,"column":2},"end":{"line":122,"column":3}},"8":{"start":{"line":113,"column":4},"end":{"line":121,"column":6}},"9":{"start":{"line":124,"column":2},"end":{"line":134,"column":3}},"10":{"start":{"line":125,"column":4},"end":{"line":133,"column":6}},"11":{"start":{"line":137,"column":20},"end":{"line":137,"column":50}},"12":{"start":{"line":138,"column":24},"end":{"line":138,"column":66}},"13":{"start":{"line":141,"column":18},"end":{"line":141,"column":20}},"14":{"start":{"line":142,"column":2},"end":{"line":142,"column":37}},"15":{"start":{"line":142,"column":22},"end":{"line":142,"column":37}},"16":{"start":{"line":143,"column":2},"end":{"line":143,"column":58}},"17":{"start":{"line":143,"column":43},"end":{"line":143,"column":58}},"18":{"start":{"line":146,"column":14},"end":{"line":146,"column":15}},"19":{"start":{"line":147,"column":2},"end":{"line":147,"column":33}},"20":{"start":{"line":147,"column":22},"end":{"line":147,"column":33}},"21":{"start":{"line":148,"column":2},"end":{"line":148,"column":54}},"22":{"start":{"line":148,"column":43},"end":{"line":148,"column":54}},"23":{"start":{"line":149,"column":2},"end":{"line":149,"column":55}},"24":{"start":{"line":149,"column":44},"end":{"line":149,"column":55}},"25":{"start":{"line":152,"column":18},"end":{"line":152,"column":20}},"26":{"start":{"line":153,"column":2},"end":{"line":167,"column":3}},"27":{"start":{"line":154,"column":24},"end":{"line":159,"column":5}},"28":{"start":{"line":160,"column":23},"end":{"line":160,"column":77}},"29":{"start":{"line":160,"column":49},"end":{"line":160,"column":69}},"30":{"start":{"line":161,"column":4},"end":{"line":161,"column":40}},"31":{"start":{"line":161,"column":25},"end":{"line":161,"column":40}},"32":{"start":{"line":162,"column":4},"end":{"line":162,"column":41}},"33":{"start":{"line":162,"column":26},"end":{"line":162,"column":41}},"34":{"start":{"line":165,"column":4},"end":{"line":165,"column":42}},"35":{"start":{"line":165,"column":27},"end":{"line":165,"column":42}},"36":{"start":{"line":166,"column":4},"end":{"line":166,"column":42}},"37":{"start":{"line":166,"column":27},"end":{"line":166,"column":42}},"38":{"start":{"line":170,"column":22},"end":{"line":170,"column":24}},"39":{"start":{"line":171,"column":22},"end":{"line":173,"column":10}},"40":{"start":{"line":174,"column":2},"end":{"line":174,"column":42}},"41":{"start":{"line":174,"column":23},"end":{"line":174,"column":42}},"42":{"start":{"line":175,"column":2},"end":{"line":175,"column":44}},"43":{"start":{"line":175,"column":25},"end":{"line":175,"column":44}},"44":{"start":{"line":176,"column":2},"end":{"line":176,"column":42}},"45":{"start":{"line":176,"column":23},"end":{"line":176,"column":42}},"46":{"start":{"line":179,"column":2},"end":{"line":179,"column":77}},"47":{"start":{"line":179,"column":29},"end":{"line":179,"column":77}},"48":{"start":{"line":181,"column":16},"end":{"line":181,"column":61}},"49":{"start":{"line":183,"column":2},"end":{"line":191,"column":4}},"50":{"start":{"line":200,"column":2},"end":{"line":202,"column":3}},"51":{"start":{"line":201,"column":4},"end":{"line":201,"column":55}},"52":{"start":{"line":203,"column":2},"end":{"line":205,"column":3}},"53":{"start":{"line":204,"column":4},"end":{"line":204,"column":53}},"54":{"start":{"line":206,"column":2},"end":{"line":206,"column":59}},"55":{"start":{"line":217,"column":2},"end":{"line":217,"column":40}},"56":{"start":{"line":226,"column":20},"end":{"line":232,"column":3}},"57":{"start":{"line":234,"column":2},"end":{"line":234,"column":65}},"58":{"start":{"line":243,"column":2},"end":{"line":255,"column":3}},"59":{"start":{"line":244,"column":4},"end":{"line":254,"column":6}},"60":{"start":{"line":257,"column":17},"end":{"line":257,"column":54}},"61":{"start":{"line":257,"column":34},"end":{"line":257,"column":53}},"62":{"start":{"line":258,"column":19},"end":{"line":260,"column":7}},"63":{"start":{"line":259,"column":31},"end":{"line":259,"column":36}},"64":{"start":{"line":262,"column":22},"end":{"line":264,"column":14}},"65":{"start":{"line":263,"column":31},"end":{"line":263,"column":62}},"66":{"start":{"line":266,"column":28},"end":{"line":279,"column":3}},"67":{"start":{"line":268,"column":33},"end":{"line":268,"column":64}},"68":{"start":{"line":271,"column":33},"end":{"line":271,"column":60}},"69":{"start":{"line":274,"column":33},"end":{"line":274,"column":64}},"70":{"start":{"line":277,"column":33},"end":{"line":277,"column":68}},"71":{"start":{"line":281,"column":2},"end":{"line":291,"column":4}},"72":{"start":{"line":294,"column":0},"end":{"line":304,"column":2}}},"fnMap":{"0":{"name":"evaluateAnswer","decl":{"start":{"line":90,"column":9},"end":{"line":90,"column":23}},"loc":{"start":{"line":90,"column":32},"end":{"line":192,"column":1}},"line":90},"1":{"name":"(anonymous_1)","decl":{"start":{"line":160,"column":42},"end":{"line":160,"column":43}},"loc":{"start":{"line":160,"column":49},"end":{"line":160,"column":69}},"line":160},"2":{"name":"getAcknowledgmentPhrase","decl":{"start":{"line":199,"column":9},"end":{"line":199,"column":32}},"loc":{"start":{"line":199,"column":45},"end":{"line":207,"column":1}},"line":199},"3":{"name":"shouldFollowUp","decl":{"start":{"line":215,"column":9},"end":{"line":215,"column":23}},"loc":{"start":{"line":215,"column":43},"end":{"line":218,"column":1}},"line":215},"4":{"name":"generateFollowUp","decl":{"start":{"line":225,"column":9},"end":{"line":225,"column":25}},"loc":{"start":{"line":225,"column":51},"end":{"line":235,"column":1}},"line":225},"5":{"name":"scoreSession","decl":{"start":{"line":242,"column":9},"end":{"line":242,"column":21}},"loc":{"start":{"line":242,"column":31},"end":{"line":292,"column":1}},"line":242},"6":{"name":"(anonymous_6)","decl":{"start":{"line":257,"column":29},"end":{"line":257,"column":30}},"loc":{"start":{"line":257,"column":34},"end":{"line":257,"column":53}},"line":257},"7":{"name":"(anonymous_7)","decl":{"start":{"line":259,"column":21},"end":{"line":259,"column":22}},"loc":{"start":{"line":259,"column":31},"end":{"line":259,"column":36}},"line":259},"8":{"name":"(anonymous_8)","decl":{"start":{"line":263,"column":19},"end":{"line":263,"column":20}},"loc":{"start":{"line":263,"column":31},"end":{"line":263,"column":62}},"line":263},"9":{"name":"(anonymous_9)","decl":{"start":{"line":268,"column":21},"end":{"line":268,"column":22}},"loc":{"start":{"line":268,"column":33},"end":{"line":268,"column":64}},"line":268},"10":{"name":"(anonymous_10)","decl":{"start":{"line":271,"column":21},"end":{"line":271,"column":22}},"loc":{"start":{"line":271,"column":33},"end":{"line":271,"column":60}},"line":271},"11":{"name":"(anonymous_11)","decl":{"start":{"line":274,"column":21},"end":{"line":274,"column":22}},"loc":{"start":{"line":274,"column":33},"end":{"line":274,"column":64}},"line":274},"12":{"name":"(anonymous_12)","decl":{"start":{"line":277,"column":21},"end":{"line":277,"column":22}},"loc":{"start":{"line":277,"column":33},"end":{"line":277,"column":68}},"line":277}},"branchMap":{"0":{"loc":{"start":{"line":92,"column":4},"end":{"line":92,"column":19}},"type":"default-arg","locations":[{"start":{"line":92,"column":17},"end":{"line":92,"column":19}}],"line":92},"1":{"loc":{"start":{"line":93,"column":4},"end":{"line":93,"column":24}},"type":"default-arg","locations":[{"start":{"line":93,"column":23},"end":{"line":93,"column":24}}],"line":93},"2":{"loc":{"start":{"line":94,"column":4},"end":{"line":94,"column":20}},"type":"default-arg","locations":[{"start":{"line":94,"column":17},"end":{"line":94,"column":20}}],"line":94},"3":{"loc":{"start":{"line":95,"column":4},"end":{"line":95,"column":13}},"type":"default-arg","locations":[{"start":{"line":95,"column":12},"end":{"line":95,"column":13}}],"line":95},"4":{"loc":{"start":{"line":96,"column":4},"end":{"line":96,"column":24}},"type":"default-arg","locations":[{"start":{"line":96,"column":11},"end":{"line":96,"column":24}}],"line":96},"5":{"loc":{"start":{"line":100,"column":2},"end":{"line":110,"column":3}},"type":"if","locations":[{"start":{"line":100,"column":2},"end":{"line":110,"column":3}},{"start":{},"end":{}}],"line":100},"6":{"loc":{"start":{"line":112,"column":2},"end":{"line":122,"column":3}},"type":"if","locations":[{"start":{"line":112,"column":2},"end":{"line":122,"column":3}},{"start":{},"end":{}}],"line":112},"7":{"loc":{"start":{"line":124,"column":2},"end":{"line":134,"column":3}},"type":"if","locations":[{"start":{"line":124,"column":2},"end":{"line":134,"column":3}},{"start":{},"end":{}}],"line":124},"8":{"loc":{"start":{"line":138,"column":25},"end":{"line":138,"column":58}},"type":"binary-expr","locations":[{"start":{"line":138,"column":25},"end":{"line":138,"column":52}},{"start":{"line":138,"column":56},"end":{"line":138,"column":58}}],"line":138},"9":{"loc":{"start":{"line":142,"column":2},"end":{"line":142,"column":37}},"type":"if","locations":[{"start":{"line":142,"column":2},"end":{"line":142,"column":37}},{"start":{},"end":{}}],"line":142},"10":{"loc":{"start":{"line":143,"column":2},"end":{"line":143,"column":58}},"type":"if","locations":[{"start":{"line":143,"column":2},"end":{"line":143,"column":58}},{"start":{},"end":{}}],"line":143},"11":{"loc":{"start":{"line":143,"column":6},"end":{"line":143,"column":41}},"type":"binary-expr","locations":[{"start":{"line":143,"column":6},"end":{"line":143,"column":20}},{"start":{"line":143,"column":24},"end":{"line":143,"column":41}}],"line":143},"12":{"loc":{"start":{"line":147,"column":2},"end":{"line":147,"column":33}},"type":"if","locations":[{"start":{"line":147,"column":2},"end":{"line":147,"column":33}},{"start":{},"end":{}}],"line":147},"13":{"loc":{"start":{"line":148,"column":2},"end":{"line":148,"column":54}},"type":"if","locations":[{"start":{"line":148,"column":2},"end":{"line":148,"column":54}},{"start":{},"end":{}}],"line":148},"14":{"loc":{"start":{"line":148,"column":6},"end":{"line":148,"column":41}},"type":"binary-expr","locations":[{"start":{"line":148,"column":6},"end":{"line":148,"column":20}},{"start":{"line":148,"column":24},"end":{"line":148,"column":41}}],"line":148},"15":{"loc":{"start":{"line":149,"column":2},"end":{"line":149,"column":55}},"type":"if","locations":[{"start":{"line":149,"column":2},"end":{"line":149,"column":55}},{"start":{},"end":{}}],"line":149},"16":{"loc":{"start":{"line":149,"column":6},"end":{"line":149,"column":42}},"type":"binary-expr","locations":[{"start":{"line":149,"column":6},"end":{"line":149,"column":21}},{"start":{"line":149,"column":25},"end":{"line":149,"column":42}}],"line":149},"17":{"loc":{"start":{"line":153,"column":2},"end":{"line":167,"column":3}},"type":"if","locations":[{"start":{"line":153,"column":2},"end":{"line":167,"column":3}},{"start":{"line":163,"column":9},"end":{"line":167,"column":3}}],"line":153},"18":{"loc":{"start":{"line":161,"column":4},"end":{"line":161,"column":40}},"type":"if","locations":[{"start":{"line":161,"column":4},"end":{"line":161,"column":40}},{"start":{},"end":{}}],"line":161},"19":{"loc":{"start":{"line":162,"column":4},"end":{"line":162,"column":41}},"type":"if","locations":[{"start":{"line":162,"column":4},"end":{"line":162,"column":41}},{"start":{},"end":{}}],"line":162},"20":{"loc":{"start":{"line":165,"column":4},"end":{"line":165,"column":42}},"type":"if","locations":[{"start":{"line":165,"column":4},"end":{"line":165,"column":42}},{"start":{},"end":{}}],"line":165},"21":{"loc":{"start":{"line":166,"column":4},"end":{"line":166,"column":42}},"type":"if","locations":[{"start":{"line":166,"column":4},"end":{"line":166,"column":42}},{"start":{},"end":{}}],"line":166},"22":{"loc":{"start":{"line":172,"column":4},"end":{"line":172,"column":77}},"type":"binary-expr","locations":[{"start":{"line":172,"column":4},"end":{"line":172,"column":71}},{"start":{"line":172,"column":75},"end":{"line":172,"column":77}}],"line":172},"23":{"loc":{"start":{"line":174,"column":2},"end":{"line":174,"column":42}},"type":"if","locations":[{"start":{"line":174,"column":2},"end":{"line":174,"column":42}},{"start":{},"end":{}}],"line":174},"24":{"loc":{"start":{"line":175,"column":2},"end":{"line":175,"column":44}},"type":"if","locations":[{"start":{"line":175,"column":2},"end":{"line":175,"column":44}},{"start":{},"end":{}}],"line":175},"25":{"loc":{"start":{"line":176,"column":2},"end":{"line":176,"column":42}},"type":"if","locations":[{"start":{"line":176,"column":2},"end":{"line":176,"column":42}},{"start":{},"end":{}}],"line":176},"26":{"loc":{"start":{"line":179,"column":2},"end":{"line":179,"column":77}},"type":"if","locations":[{"start":{"line":179,"column":2},"end":{"line":179,"column":77}},{"start":{},"end":{}}],"line":179},"27":{"loc":{"start":{"line":200,"column":2},"end":{"line":202,"column":3}},"type":"if","locations":[{"start":{"line":200,"column":2},"end":{"line":202,"column":3}},{"start":{},"end":{}}],"line":200},"28":{"loc":{"start":{"line":203,"column":2},"end":{"line":205,"column":3}},"type":"if","locations":[{"start":{"line":203,"column":2},"end":{"line":205,"column":3}},{"start":{},"end":{}}],"line":203},"29":{"loc":{"start":{"line":217,"column":9},"end":{"line":217,"column":39}},"type":"binary-expr","locations":[{"start":{"line":217,"column":9},"end":{"line":217,"column":20}},{"start":{"line":217,"column":24},"end":{"line":217,"column":39}}],"line":217},"30":{"loc":{"start":{"line":225,"column":26},"end":{"line":225,"column":49}},"type":"default-arg","locations":[{"start":{"line":225,"column":47},"end":{"line":225,"column":49}}],"line":225},"31":{"loc":{"start":{"line":243,"column":2},"end":{"line":255,"column":3}},"type":"if","locations":[{"start":{"line":243,"column":2},"end":{"line":255,"column":3}},{"start":{},"end":{}}],"line":243},"32":{"loc":{"start":{"line":243,"column":6},"end":{"line":243,"column":38}},"type":"binary-expr","locations":[{"start":{"line":243,"column":6},"end":{"line":243,"column":14}},{"start":{"line":243,"column":18},"end":{"line":243,"column":38}}],"line":243},"33":{"loc":{"start":{"line":257,"column":34},"end":{"line":257,"column":53}},"type":"binary-expr","locations":[{"start":{"line":257,"column":34},"end":{"line":257,"column":48}},{"start":{"line":257,"column":52},"end":{"line":257,"column":53}}],"line":257},"34":{"loc":{"start":{"line":258,"column":19},"end":{"line":260,"column":7}},"type":"cond-expr","locations":[{"start":{"line":259,"column":6},"end":{"line":259,"column":68}},{"start":{"line":260,"column":6},"end":{"line":260,"column":7}}],"line":258},"35":{"loc":{"start":{"line":263,"column":38},"end":{"line":263,"column":61}},"type":"binary-expr","locations":[{"start":{"line":263,"column":38},"end":{"line":263,"column":56}},{"start":{"line":263,"column":60},"end":{"line":263,"column":61}}],"line":263},"36":{"loc":{"start":{"line":268,"column":40},"end":{"line":268,"column":63}},"type":"binary-expr","locations":[{"start":{"line":268,"column":40},"end":{"line":268,"column":58}},{"start":{"line":268,"column":62},"end":{"line":268,"column":63}}],"line":268},"37":{"loc":{"start":{"line":271,"column":40},"end":{"line":271,"column":59}},"type":"binary-expr","locations":[{"start":{"line":271,"column":40},"end":{"line":271,"column":54}},{"start":{"line":271,"column":58},"end":{"line":271,"column":59}}],"line":271},"38":{"loc":{"start":{"line":274,"column":40},"end":{"line":274,"column":63}},"type":"binary-expr","locations":[{"start":{"line":274,"column":40},"end":{"line":274,"column":58}},{"start":{"line":274,"column":62},"end":{"line":274,"column":63}}],"line":274},"39":{"loc":{"start":{"line":277,"column":40},"end":{"line":277,"column":67}},"type":"binary-expr","locations":[{"start":{"line":277,"column":40},"end":{"line":277,"column":62}},{"start":{"line":277,"column":66},"end":{"line":277,"column":67}}],"line":277}},"s":{"0":1,"1":1,"2":1,"3":1,"4":12,"5":12,"6":1,"7":11,"8":2,"9":9,"10":1,"11":8,"12":8,"13":8,"14":8,"15":3,"16":8,"17":0,"18":8,"19":8,"20":2,"21":8,"22":0,"23":8,"24":0,"25":8,"26":8,"27":8,"28":8,"29":32,"30":8,"31":3,"32":8,"33":1,"34":0,"35":0,"36":0,"37":0,"38":8,"39":8,"40":8,"41":7,"42":8,"43":6,"44":8,"45":1,"46":8,"47":1,"48":8,"49":8,"50":7,"51":2,"52":5,"53":3,"54":2,"55":6,"56":11,"57":11,"58":5,"59":1,"60":4,"61":7,"62":4,"63":7,"64":4,"65":7,"66":4,"67":7,"68":7,"69":7,"70":7,"71":4,"72":1},"f":{"0":12,"1":32,"2":7,"3":6,"4":11,"5":5,"6":7,"7":7,"8":7,"9":7,"10":7,"11":7,"12":7},"b":{"0":[0],"1":[1],"2":[1],"3":[1],"4":[10],"5":[1,11],"6":[2,9],"7":[1,8],"8":[8,4],"9":[3,5],"10":[0,8],"11":[8,1],"12":[2,6],"13":[0,8],"14":[8,1],"15":[0,8],"16":[8,1],"17":[8,0],"18":[3,5],"19":[1,7],"20":[0,0],"21":[0,0],"22":[8,6],"23":[7,1],"24":[6,2],"25":[1,7],"26":[1,7],"27":[2,5],"28":[3,2],"29":[6,2],"30":[11],"31":[1,4],"32":[5,5],"33":[7,1],"34":[4,0],"35":[7,0],"36":[7,1],"37":[7,1],"38":[7,1],"39":[7,1]},"_coverageSchema":"1a1c01bbd47fc00a2c39e90264f33305004495a9","hash":"f9f06ff8fb46a9d6a328dc8cf9b4523b74218abc"}
,"C:\\Users\\Staff\\Downloads\\tts-studio\\src\\aria\\questionBank.js": {"path":"C:\\Users\\Staff\\Downloads\\tts-studio\\src\\aria\\questionBank.js","statementMap":{"0":{"start":{"line":7,"column":21},"end":{"line":166,"column":1}},"1":{"start":{"line":174,"column":20},"end":{"line":178,"column":3}},"2":{"start":{"line":181,"column":2},"end":{"line":193,"column":3}},"3":{"start":{"line":182,"column":4},"end":{"line":182,"column":63}},"4":{"start":{"line":183,"column":9},"end":{"line":193,"column":3}},"5":{"start":{"line":185,"column":4},"end":{"line":192,"column":5}},"6":{"start":{"line":186,"column":31},"end":{"line":190,"column":7}},"7":{"start":{"line":191,"column":6},"end":{"line":191,"column":39}},"8":{"start":{"line":196,"column":2},"end":{"line":196,"column":53}},"9":{"start":{"line":198,"column":2},"end":{"line":198,"column":19}},"10":{"start":{"line":208,"column":20},"end":{"line":208,"column":47}},"11":{"start":{"line":209,"column":2},"end":{"line":209,"column":65}},"12":{"start":{"line":209,"column":29},"end":{"line":209,"column":55}},"13":{"start":{"line":218,"column":2},"end":{"line":218,"column":44}},"14":{"start":{"line":228,"column":19},"end":{"line":236,"column":3}},"15":{"start":{"line":238,"column":2},"end":{"line":238,"column":31}},"16":{"start":{"line":241,"column":0},"end":{"line":247,"column":2}}},"fnMap":{"0":{"name":"getInterviewQuestions","decl":{"start":{"line":173,"column":9},"end":{"line":173,"column":30}},"loc":{"start":{"line":173,"column":44},"end":{"line":199,"column":1}},"line":173},"1":{"name":"getQuestionByIndex","decl":{"start":{"line":207,"column":9},"end":{"line":207,"column":27}},"loc":{"start":{"line":207,"column":48},"end":{"line":210,"column":1}},"line":207},"2":{"name":"(anonymous_2)","decl":{"start":{"line":209,"column":24},"end":{"line":209,"column":25}},"loc":{"start":{"line":209,"column":29},"end":{"line":209,"column":55}},"line":209},"3":{"name":"getTotalQuestionCount","decl":{"start":{"line":217,"column":9},"end":{"line":217,"column":30}},"loc":{"start":{"line":217,"column":44},"end":{"line":219,"column":1}},"line":217},"4":{"name":"getQuestionsByPhase","decl":{"start":{"line":227,"column":9},"end":{"line":227,"column":28}},"loc":{"start":{"line":227,"column":49},"end":{"line":239,"column":1}},"line":227}},"branchMap":{"0":{"loc":{"start":{"line":173,"column":31},"end":{"line":173,"column":42}},"type":"default-arg","locations":[{"start":{"line":173,"column":38},"end":{"line":173,"column":42}}],"line":173},"1":{"loc":{"start":{"line":181,"column":2},"end":{"line":193,"column":3}},"type":"if","locations":[{"start":{"line":181,"column":2},"end":{"line":193,"column":3}},{"start":{"line":183,"column":9},"end":{"line":193,"column":3}}],"line":181},"2":{"loc":{"start":{"line":181,"column":6},"end":{"line":181,"column":53}},"type":"binary-expr","locations":[{"start":{"line":181,"column":6},"end":{"line":181,"column":10}},{"start":{"line":181,"column":14},"end":{"line":181,"column":53}}],"line":181},"3":{"loc":{"start":{"line":183,"column":9},"end":{"line":193,"column":3}},"type":"if","locations":[{"start":{"line":183,"column":9},"end":{"line":193,"column":3}},{"start":{},"end":{}}],"line":183},"4":{"loc":{"start":{"line":185,"column":4},"end":{"line":192,"column":5}},"type":"if","locations":[{"start":{"line":185,"column":4},"end":{"line":192,"column":5}},{"start":{},"end":{}}],"line":185},"5":{"loc":{"start":{"line":207,"column":35},"end":{"line":207,"column":46}},"type":"default-arg","locations":[{"start":{"line":207,"column":42},"end":{"line":207,"column":46}}],"line":207},"6":{"loc":{"start":{"line":209,"column":9},"end":{"line":209,"column":64}},"type":"binary-expr","locations":[{"start":{"line":209,"column":9},"end":{"line":209,"column":56}},{"start":{"line":209,"column":60},"end":{"line":209,"column":64}}],"line":209},"7":{"loc":{"start":{"line":217,"column":31},"end":{"line":217,"column":42}},"type":"default-arg","locations":[{"start":{"line":217,"column":38},"end":{"line":217,"column":42}}],"line":217},"8":{"loc":{"start":{"line":227,"column":36},"end":{"line":227,"column":47}},"type":"default-arg","locations":[{"start":{"line":227,"column":43},"end":{"line":227,"column":47}}],"line":227},"9":{"loc":{"start":{"line":232,"column":7},"end":{"line":234,"column":10}},"type":"cond-expr","locations":[{"start":{"line":233,"column":8},"end":{"line":233,"column":47}},{"start":{"line":234,"column":8},"end":{"line":234,"column":10}}],"line":232},"10":{"loc":{"start":{"line":232,"column":7},"end":{"line":232,"column":54}},"type":"binary-expr","locations":[{"start":{"line":232,"column":7},"end":{"line":232,"column":11}},{"start":{"line":232,"column":15},"end":{"line":232,"column":54}}],"line":232},"11":{"loc":{"start":{"line":238,"column":9},"end":{"line":238,"column":30}},"type":"binary-expr","locations":[{"start":{"line":238,"column":9},"end":{"line":238,"column":24}},{"start":{"line":238,"column":28},"end":{"line":238,"column":30}}],"line":238}},"s":{"0":1,"1":21,"2":21,"3":11,"4":10,"5":9,"6":9,"7":9,"8":21,"9":21,"10":5,"11":5,"12":38,"13":6,"14":7,"15":7,"16":1},"f":{"0":21,"1":5,"2":38,"3":6,"4":7},"b":{"0":[2],"1":[11,10],"2":[21,12],"3":[9,1],"4":[9,0],"5":[2],"6":[5,1],"7":[3],"8":[6],"9":[1,6],"10":[7,1],"11":[7,1]},"_coverageSchema":"1a1c01bbd47fc00a2c39e90264f33305004495a9","hash":"6bae555f38ead318d1db74abd2b9dd227785c068"}
,"C:\\Users\\Staff\\Downloads\\tts-studio\\src\\aria\\session.js": {"path":"C:\\Users\\Staff\\Downloads\\tts-studio\\src\\aria\\session.js","statementMap":{"0":{"start":{"line":7,"column":23},"end":{"line":7,"column":38}},"1":{"start":{"line":11,"column":4},"end":{"line":11,"column":44}},"2":{"start":{"line":12,"column":4},"end":{"line":16,"column":6}},"3":{"start":{"line":19,"column":4},"end":{"line":19,"column":24}},"4":{"start":{"line":20,"column":4},"end":{"line":20,"column":28}},"5":{"start":{"line":21,"column":4},"end":{"line":21,"column":19}},"6":{"start":{"line":22,"column":4},"end":{"line":22,"column":33}},"7":{"start":{"line":23,"column":4},"end":{"line":23,"column":25}},"8":{"start":{"line":26,"column":4},"end":{"line":26,"column":22}},"9":{"start":{"line":27,"column":4},"end":{"line":27,"column":35}},"10":{"start":{"line":28,"column":4},"end":{"line":28,"column":35}},"11":{"start":{"line":31,"column":4},"end":{"line":31,"column":47}},"12":{"start":{"line":32,"column":4},"end":{"line":32,"column":74}},"13":{"start":{"line":33,"column":4},"end":{"line":33,"column":50}},"14":{"start":{"line":40,"column":24},"end":{"line":48,"column":5}},"15":{"start":{"line":50,"column":4},"end":{"line":52,"column":5}},"16":{"start":{"line":51,"column":6},"end":{"line":51,"column":52}},"17":{"start":{"line":55,"column":26},"end":{"line":63,"column":5}},"18":{"start":{"line":65,"column":4},"end":{"line":69,"column":5}},"19":{"start":{"line":66,"column":6},"end":{"line":68,"column":8}},"20":{"start":{"line":71,"column":4},"end":{"line":71,"column":26}},"21":{"start":{"line":72,"column":4},"end":{"line":72,"column":50}},"22":{"start":{"line":79,"column":19},"end":{"line":93,"column":5}},"23":{"start":{"line":95,"column":4},"end":{"line":95,"column":30}},"24":{"start":{"line":96,"column":4},"end":{"line":96,"column":18}},"25":{"start":{"line":103,"column":4},"end":{"line":105,"column":5}},"26":{"start":{"line":104,"column":6},"end":{"line":104,"column":46}},"27":{"start":{"line":107,"column":23},"end":{"line":107,"column":60}},"28":{"start":{"line":108,"column":4},"end":{"line":117,"column":6}},"29":{"start":{"line":119,"column":4},"end":{"line":119,"column":22}},"30":{"start":{"line":126,"column":4},"end":{"line":126,"column":26}},"31":{"start":{"line":127,"column":4},"end":{"line":127,"column":33}},"32":{"start":{"line":128,"column":4},"end":{"line":128,"column":35}},"33":{"start":{"line":129,"column":4},"end":{"line":129,"column":35}},"34":{"start":{"line":136,"column":4},"end":{"line":136,"column":31}},"35":{"start":{"line":137,"column":4},"end":{"line":137,"column":36}},"36":{"start":{"line":144,"column":4},"end":{"line":144,"column":56}},"37":{"start":{"line":151,"column":4},"end":{"line":151,"column":50}},"38":{"start":{"line":158,"column":4},"end":{"line":158,"column":79}},"39":{"start":{"line":165,"column":26},"end":{"line":165,"column":45}},"40":{"start":{"line":166,"column":25},"end":{"line":166,"column":60}},"41":{"start":{"line":168,"column":23},"end":{"line":170,"column":9}},"42":{"start":{"line":169,"column":40},"end":{"line":169,"column":67}},"43":{"start":{"line":172,"column":4},"end":{"line":188,"column":6}},"44":{"start":{"line":180,"column":50},"end":{"line":185,"column":7}},"45":{"start":{"line":195,"column":4},"end":{"line":207,"column":6}},"46":{"start":{"line":211,"column":0},"end":{"line":211,"column":29}}},"fnMap":{"0":{"name":"(anonymous_0)","decl":{"start":{"line":10,"column":2},"end":{"line":10,"column":3}},"loc":{"start":{"line":10,"column":36},"end":{"line":34,"column":3}},"line":10},"1":{"name":"(anonymous_1)","decl":{"start":{"line":39,"column":2},"end":{"line":39,"column":3}},"loc":{"start":{"line":39,"column":28},"end":{"line":73,"column":3}},"line":39},"2":{"name":"(anonymous_2)","decl":{"start":{"line":78,"column":2},"end":{"line":78,"column":3}},"loc":{"start":{"line":78,"column":61},"end":{"line":97,"column":3}},"line":78},"3":{"name":"(anonymous_3)","decl":{"start":{"line":102,"column":2},"end":{"line":102,"column":3}},"loc":{"start":{"line":102,"column":33},"end":{"line":120,"column":3}},"line":102},"4":{"name":"(anonymous_4)","decl":{"start":{"line":125,"column":2},"end":{"line":125,"column":3}},"loc":{"start":{"line":125,"column":17},"end":{"line":130,"column":3}},"line":125},"5":{"name":"(anonymous_5)","decl":{"start":{"line":135,"column":2},"end":{"line":135,"column":3}},"loc":{"start":{"line":135,"column":19},"end":{"line":138,"column":3}},"line":135},"6":{"name":"(anonymous_6)","decl":{"start":{"line":143,"column":2},"end":{"line":143,"column":3}},"loc":{"start":{"line":143,"column":25},"end":{"line":145,"column":3}},"line":143},"7":{"name":"(anonymous_7)","decl":{"start":{"line":150,"column":2},"end":{"line":150,"column":3}},"loc":{"start":{"line":150,"column":14},"end":{"line":152,"column":3}},"line":150},"8":{"name":"(anonymous_8)","decl":{"start":{"line":157,"column":2},"end":{"line":157,"column":3}},"loc":{"start":{"line":157,"column":25},"end":{"line":159,"column":3}},"line":157},"9":{"name":"(anonymous_9)","decl":{"start":{"line":164,"column":2},"end":{"line":164,"column":3}},"loc":{"start":{"line":164,"column":15},"end":{"line":189,"column":3}},"line":164},"10":{"name":"(anonymous_10)","decl":{"start":{"line":169,"column":28},"end":{"line":169,"column":29}},"loc":{"start":{"line":169,"column":40},"end":{"line":169,"column":67}},"line":169},"11":{"name":"(anonymous_11)","decl":{"start":{"line":180,"column":37},"end":{"line":180,"column":38}},"loc":{"start":{"line":180,"column":50},"end":{"line":185,"column":7}},"line":180},"12":{"name":"(anonymous_12)","decl":{"start":{"line":194,"column":2},"end":{"line":194,"column":3}},"loc":{"start":{"line":194,"column":11},"end":{"line":208,"column":3}},"line":194}},"branchMap":{"0":{"loc":{"start":{"line":11,"column":22},"end":{"line":11,"column":43}},"type":"binary-expr","locations":[{"start":{"line":11,"column":22},"end":{"line":11,"column":31}},{"start":{"line":11,"column":35},"end":{"line":11,"column":43}}],"line":11},"1":{"loc":{"start":{"line":13,"column":12},"end":{"line":13,"column":41}},"type":"binary-expr","locations":[{"start":{"line":13,"column":12},"end":{"line":13,"column":26}},{"start":{"line":13,"column":30},"end":{"line":13,"column":41}}],"line":13},"2":{"loc":{"start":{"line":14,"column":12},"end":{"line":14,"column":43}},"type":"binary-expr","locations":[{"start":{"line":14,"column":12},"end":{"line":14,"column":26}},{"start":{"line":14,"column":30},"end":{"line":14,"column":43}}],"line":14},"3":{"loc":{"start":{"line":15,"column":16},"end":{"line":15,"column":45}},"type":"binary-expr","locations":[{"start":{"line":15,"column":16},"end":{"line":15,"column":34}},{"start":{"line":15,"column":38},"end":{"line":15,"column":45}}],"line":15},"4":{"loc":{"start":{"line":50,"column":4},"end":{"line":52,"column":5}},"type":"if","locations":[{"start":{"line":50,"column":4},"end":{"line":52,"column":5}},{"start":{},"end":{}}],"line":50},"5":{"loc":{"start":{"line":65,"column":4},"end":{"line":69,"column":5}},"type":"if","locations":[{"start":{"line":65,"column":4},"end":{"line":69,"column":5}},{"start":{},"end":{}}],"line":65},"6":{"loc":{"start":{"line":78,"column":49},"end":{"line":78,"column":59}},"type":"default-arg","locations":[{"start":{"line":78,"column":57},"end":{"line":78,"column":59}}],"line":78},"7":{"loc":{"start":{"line":82,"column":18},"end":{"line":82,"column":45}},"type":"binary-expr","locations":[{"start":{"line":82,"column":18},"end":{"line":82,"column":40}},{"start":{"line":82,"column":44},"end":{"line":82,"column":45}}],"line":82},"8":{"loc":{"start":{"line":83,"column":24},"end":{"line":83,"column":49}},"type":"binary-expr","locations":[{"start":{"line":83,"column":24},"end":{"line":83,"column":44}},{"start":{"line":83,"column":48},"end":{"line":83,"column":49}}],"line":83},"9":{"loc":{"start":{"line":103,"column":4},"end":{"line":105,"column":5}},"type":"if","locations":[{"start":{"line":103,"column":4},"end":{"line":105,"column":5}},{"start":{},"end":{}}],"line":103},"10":{"loc":{"start":{"line":109,"column":17},"end":{"line":109,"column":38}},"type":"binary-expr","locations":[{"start":{"line":109,"column":17},"end":{"line":109,"column":33}},{"start":{"line":109,"column":37},"end":{"line":109,"column":38}}],"line":109},"11":{"loc":{"start":{"line":110,"column":13},"end":{"line":110,"column":30}},"type":"binary-expr","locations":[{"start":{"line":110,"column":13},"end":{"line":110,"column":25}},{"start":{"line":110,"column":29},"end":{"line":110,"column":30}}],"line":110},"12":{"loc":{"start":{"line":111,"column":17},"end":{"line":111,"column":38}},"type":"binary-expr","locations":[{"start":{"line":111,"column":17},"end":{"line":111,"column":33}},{"start":{"line":111,"column":37},"end":{"line":111,"column":38}}],"line":111},"13":{"loc":{"start":{"line":112,"column":21},"end":{"line":112,"column":46}},"type":"binary-expr","locations":[{"start":{"line":112,"column":21},"end":{"line":112,"column":41}},{"start":{"line":112,"column":45},"end":{"line":112,"column":46}}],"line":112},"14":{"loc":{"start":{"line":113,"column":14},"end":{"line":113,"column":35}},"type":"binary-expr","locations":[{"start":{"line":113,"column":14},"end":{"line":113,"column":30}},{"start":{"line":113,"column":34},"end":{"line":113,"column":35}}],"line":113},"15":{"loc":{"start":{"line":114,"column":14},"end":{"line":114,"column":31}},"type":"binary-expr","locations":[{"start":{"line":114,"column":14},"end":{"line":114,"column":26}},{"start":{"line":114,"column":30},"end":{"line":114,"column":31}}],"line":114},"16":{"loc":{"start":{"line":115,"column":14},"end":{"line":115,"column":35}},"type":"binary-expr","locations":[{"start":{"line":115,"column":14},"end":{"line":115,"column":30}},{"start":{"line":115,"column":34},"end":{"line":115,"column":35}}],"line":115},"17":{"loc":{"start":{"line":116,"column":14},"end":{"line":116,"column":39}},"type":"binary-expr","locations":[{"start":{"line":116,"column":14},"end":{"line":116,"column":34}},{"start":{"line":116,"column":38},"end":{"line":116,"column":39}}],"line":116},"18":{"loc":{"start":{"line":157,"column":12},"end":{"line":157,"column":23}},"type":"default-arg","locations":[{"start":{"line":157,"column":22},"end":{"line":157,"column":23}}],"line":157},"19":{"loc":{"start":{"line":168,"column":23},"end":{"line":170,"column":9}},"type":"cond-expr","locations":[{"start":{"line":169,"column":8},"end":{"line":169,"column":93}},{"start":{"line":170,"column":8},"end":{"line":170,"column":9}}],"line":168},"20":{"loc":{"start":{"line":169,"column":47},"end":{"line":169,"column":66}},"type":"binary-expr","locations":[{"start":{"line":169,"column":47},"end":{"line":169,"column":61}},{"start":{"line":169,"column":65},"end":{"line":169,"column":66}}],"line":169}},"s":{"0":2,"1":66,"2":66,"3":66,"4":66,"5":66,"6":66,"7":66,"8":66,"9":66,"10":66,"11":66,"12":66,"13":66,"14":21,"15":21,"16":1,"17":20,"18":20,"19":1,"20":19,"21":19,"22":12,"23":12,"24":12,"25":6,"26":1,"27":5,"28":5,"29":5,"30":6,"31":6,"32":6,"33":6,"34":13,"35":13,"36":9,"37":2,"38":2,"39":4,"40":4,"41":4,"42":2,"43":4,"44":2,"45":2,"46":2},"f":{"0":66,"1":21,"2":12,"3":6,"4":6,"5":13,"6":9,"7":2,"8":2,"9":4,"10":2,"11":2,"12":2},"b":{"0":[66,1],"1":[66,1],"2":[66,2],"3":[66,34],"4":[1,20],"5":[1,19],"6":[11],"7":[12,0],"8":[12,0],"9":[1,5],"10":[5,0],"11":[5,0],"12":[5,1],"13":[5,1],"14":[5,0],"15":[5,0],"16":[5,1],"17":[5,1],"18":[1],"19":[2,2],"20":[2,0]},"_coverageSchema":"1a1c01bbd47fc00a2c39e90264f33305004495a9","hash":"e19dd3ba24ac1169e5e9eca4f30558c44c1900c9"}
,"C:\\Users\\Staff\\Downloads\\tts-studio\\src\\aria\\stateTransitions.js": {"path":"C:\\Users\\Staff\\Downloads\\tts-studio\\src\\aria\\stateTransitions.js","statementMap":{"0":{"start":{"line":7,"column":20},"end":{"line":15,"column":1}},"1":{"start":{"line":17,"column":24},"end":{"line":25,"column":1}},"2":{"start":{"line":33,"column":2},"end":{"line":33,"column":37}},"3":{"start":{"line":43,"column":2},"end":{"line":47,"column":4}},"4":{"start":{"line":56,"column":2},"end":{"line":56,"column":42}},"5":{"start":{"line":68,"column":2},"end":{"line":73,"column":3}},"6":{"start":{"line":69,"column":4},"end":{"line":72,"column":6}},"7":{"start":{"line":76,"column":2},"end":{"line":117,"column":3}},"8":{"start":{"line":78,"column":6},"end":{"line":83,"column":7}},"9":{"start":{"line":79,"column":8},"end":{"line":82,"column":10}},"10":{"start":{"line":84,"column":6},"end":{"line":84,"column":12}},"11":{"start":{"line":87,"column":6},"end":{"line":92,"column":7}},"12":{"start":{"line":88,"column":8},"end":{"line":91,"column":10}},"13":{"start":{"line":93,"column":6},"end":{"line":98,"column":7}},"14":{"start":{"line":94,"column":8},"end":{"line":97,"column":10}},"15":{"start":{"line":99,"column":6},"end":{"line":99,"column":12}},"16":{"start":{"line":102,"column":6},"end":{"line":107,"column":7}},"17":{"start":{"line":103,"column":8},"end":{"line":106,"column":10}},"18":{"start":{"line":108,"column":6},"end":{"line":108,"column":12}},"19":{"start":{"line":113,"column":6},"end":{"line":113,"column":12}},"20":{"start":{"line":116,"column":6},"end":{"line":116,"column":12}},"21":{"start":{"line":119,"column":2},"end":{"line":119,"column":38}},"22":{"start":{"line":131,"column":21},"end":{"line":131,"column":66}},"23":{"start":{"line":132,"column":2},"end":{"line":139,"column":3}},"24":{"start":{"line":133,"column":4},"end":{"line":138,"column":6}},"25":{"start":{"line":141,"column":18},"end":{"line":141,"column":20}},"26":{"start":{"line":142,"column":17},"end":{"line":142,"column":24}},"27":{"start":{"line":145,"column":2},"end":{"line":228,"column":3}},"28":{"start":{"line":146,"column":4},"end":{"line":210,"column":5}},"29":{"start":{"line":148,"column":8},"end":{"line":152,"column":11}},"30":{"start":{"line":153,"column":8},"end":{"line":153,"column":14}},"31":{"start":{"line":156,"column":8},"end":{"line":156,"column":31}},"32":{"start":{"line":157,"column":8},"end":{"line":160,"column":11}},"33":{"start":{"line":161,"column":8},"end":{"line":163,"column":11}},"34":{"start":{"line":164,"column":8},"end":{"line":164,"column":14}},"35":{"start":{"line":167,"column":8},"end":{"line":169,"column":11}},"36":{"start":{"line":170,"column":8},"end":{"line":170,"column":14}},"37":{"start":{"line":174,"column":8},"end":{"line":179,"column":11}},"38":{"start":{"line":180,"column":8},"end":{"line":180,"column":14}},"39":{"start":{"line":183,"column":27},"end":{"line":183,"column":51}},"40":{"start":{"line":184,"column":8},"end":{"line":188,"column":11}},"41":{"start":{"line":189,"column":8},"end":{"line":193,"column":11}},"42":{"start":{"line":194,"column":8},"end":{"line":194,"column":14}},"43":{"start":{"line":197,"column":8},"end":{"line":201,"column":11}},"44":{"start":{"line":202,"column":8},"end":{"line":205,"column":11}},"45":{"start":{"line":206,"column":8},"end":{"line":206,"column":14}},"46":{"start":{"line":209,"column":8},"end":{"line":209,"column":14}},"47":{"start":{"line":213,"column":4},"end":{"line":213,"column":37}},"48":{"start":{"line":215,"column":4},"end":{"line":220,"column":6}},"49":{"start":{"line":222,"column":4},"end":{"line":227,"column":6}},"50":{"start":{"line":239,"column":33},"end":{"line":239,"column":43}},"51":{"start":{"line":242,"column":2},"end":{"line":249,"column":3}},"52":{"start":{"line":243,"column":4},"end":{"line":248,"column":5}},"53":{"start":{"line":244,"column":6},"end":{"line":244,"column":28}},"54":{"start":{"line":247,"column":6},"end":{"line":247,"column":24}},"55":{"start":{"line":252,"column":19},"end":{"line":252,"column":38}},"56":{"start":{"line":253,"column":2},"end":{"line":256,"column":3}},"57":{"start":{"line":255,"column":4},"end":{"line":255,"column":22}},"58":{"start":{"line":259,"column":2},"end":{"line":261,"column":3}},"59":{"start":{"line":260,"column":4},"end":{"line":260,"column":22}},"60":{"start":{"line":264,"column":2},"end":{"line":264,"column":19}},"61":{"start":{"line":273,"column":2},"end":{"line":273,"column":36}},"62":{"start":{"line":273,"column":27},"end":{"line":273,"column":36}},"63":{"start":{"line":274,"column":2},"end":{"line":274,"column":35}},"64":{"start":{"line":274,"column":26},"end":{"line":274,"column":35}},"65":{"start":{"line":275,"column":2},"end":{"line":275,"column":35}},"66":{"start":{"line":275,"column":26},"end":{"line":275,"column":35}},"67":{"start":{"line":276,"column":2},"end":{"line":276,"column":36}},"68":{"start":{"line":276,"column":27},"end":{"line":276,"column":36}},"69":{"start":{"line":277,"column":2},"end":{"line":277,"column":11}},"70":{"start":{"line":280,"column":0},"end":{"line":290,"column":2}}},"fnMap":{"0":{"name":"isValidState","decl":{"start":{"line":32,"column":9},"end":{"line":32,"column":21}},"loc":{"start":{"line":32,"column":29},"end":{"line":34,"column":1}},"line":32},"1":{"name":"isValidTransition","decl":{"start":{"line":42,"column":9},"end":{"line":42,"column":26}},"loc":{"start":{"line":42,"column":47},"end":{"line":48,"column":1}},"line":42},"2":{"name":"getAllowedTransitions","decl":{"start":{"line":55,"column":9},"end":{"line":55,"column":30}},"loc":{"start":{"line":55,"column":42},"end":{"line":57,"column":1}},"line":55},"3":{"name":"validateTransition","decl":{"start":{"line":66,"column":9},"end":{"line":66,"column":27}},"loc":{"start":{"line":66,"column":60},"end":{"line":120,"column":1}},"line":66},"4":{"name":"executeTransition","decl":{"start":{"line":129,"column":9},"end":{"line":129,"column":26}},"loc":{"start":{"line":129,"column":59},"end":{"line":229,"column":1}},"line":129},"5":{"name":"getNextStateAfterEvaluation","decl":{"start":{"line":238,"column":9},"end":{"line":238,"column":36}},"loc":{"start":{"line":238,"column":74},"end":{"line":265,"column":1}},"line":238},"6":{"name":"getPhaseFromQuestionIndex","decl":{"start":{"line":272,"column":9},"end":{"line":272,"column":34}},"loc":{"start":{"line":272,"column":50},"end":{"line":278,"column":1}},"line":272}},"branchMap":{"0":{"loc":{"start":{"line":44,"column":4},"end":{"line":46,"column":49}},"type":"binary-expr","locations":[{"start":{"line":44,"column":4},"end":{"line":44,"column":27}},{"start":{"line":45,"column":4},"end":{"line":45,"column":25}},{"start":{"line":46,"column":4},"end":{"line":46,"column":49}}],"line":44},"1":{"loc":{"start":{"line":56,"column":9},"end":{"line":56,"column":41}},"type":"binary-expr","locations":[{"start":{"line":56,"column":9},"end":{"line":56,"column":35}},{"start":{"line":56,"column":39},"end":{"line":56,"column":41}}],"line":56},"2":{"loc":{"start":{"line":66,"column":46},"end":{"line":66,"column":58}},"type":"default-arg","locations":[{"start":{"line":66,"column":56},"end":{"line":66,"column":58}}],"line":66},"3":{"loc":{"start":{"line":68,"column":2},"end":{"line":73,"column":3}},"type":"if","locations":[{"start":{"line":68,"column":2},"end":{"line":73,"column":3}},{"start":{},"end":{}}],"line":68},"4":{"loc":{"start":{"line":76,"column":2},"end":{"line":117,"column":3}},"type":"switch","locations":[{"start":{"line":77,"column":4},"end":{"line":84,"column":12}},{"start":{"line":86,"column":4},"end":{"line":99,"column":12}},{"start":{"line":101,"column":4},"end":{"line":108,"column":12}},{"start":{"line":110,"column":4},"end":{"line":113,"column":12}},{"start":{"line":115,"column":4},"end":{"line":116,"column":12}}],"line":76},"5":{"loc":{"start":{"line":78,"column":6},"end":{"line":83,"column":7}},"type":"if","locations":[{"start":{"line":78,"column":6},"end":{"line":83,"column":7}},{"start":{},"end":{}}],"line":78},"6":{"loc":{"start":{"line":78,"column":10},"end":{"line":78,"column":74}},"type":"binary-expr","locations":[{"start":{"line":78,"column":10},"end":{"line":78,"column":38}},{"start":{"line":78,"column":42},"end":{"line":78,"column":74}}],"line":78},"7":{"loc":{"start":{"line":87,"column":6},"end":{"line":92,"column":7}},"type":"if","locations":[{"start":{"line":87,"column":6},"end":{"line":92,"column":7}},{"start":{},"end":{}}],"line":87},"8":{"loc":{"start":{"line":87,"column":10},"end":{"line":87,"column":71}},"type":"binary-expr","locations":[{"start":{"line":87,"column":10},"end":{"line":87,"column":29}},{"start":{"line":87,"column":33},"end":{"line":87,"column":71}}],"line":87},"9":{"loc":{"start":{"line":93,"column":6},"end":{"line":98,"column":7}},"type":"if","locations":[{"start":{"line":93,"column":6},"end":{"line":98,"column":7}},{"start":{},"end":{}}],"line":93},"10":{"loc":{"start":{"line":102,"column":6},"end":{"line":107,"column":7}},"type":"if","locations":[{"start":{"line":102,"column":6},"end":{"line":107,"column":7}},{"start":{},"end":{}}],"line":102},"11":{"loc":{"start":{"line":129,"column":45},"end":{"line":129,"column":57}},"type":"default-arg","locations":[{"start":{"line":129,"column":55},"end":{"line":129,"column":57}}],"line":129},"12":{"loc":{"start":{"line":132,"column":2},"end":{"line":139,"column":3}},"type":"if","locations":[{"start":{"line":132,"column":2},"end":{"line":139,"column":3}},{"start":{},"end":{}}],"line":132},"13":{"loc":{"start":{"line":146,"column":4},"end":{"line":210,"column":5}},"type":"switch","locations":[{"start":{"line":147,"column":6},"end":{"line":153,"column":14}},{"start":{"line":155,"column":6},"end":{"line":164,"column":14}},{"start":{"line":166,"column":6},"end":{"line":170,"column":14}},{"start":{"line":172,"column":6},"end":{"line":180,"column":14}},{"start":{"line":182,"column":6},"end":{"line":194,"column":14}},{"start":{"line":196,"column":6},"end":{"line":206,"column":14}},{"start":{"line":208,"column":6},"end":{"line":209,"column":14}}],"line":146},"14":{"loc":{"start":{"line":242,"column":2},"end":{"line":249,"column":3}},"type":"if","locations":[{"start":{"line":242,"column":2},"end":{"line":249,"column":3}},{"start":{},"end":{}}],"line":242},"15":{"loc":{"start":{"line":242,"column":6},"end":{"line":242,"column":67}},"type":"binary-expr","locations":[{"start":{"line":242,"column":6},"end":{"line":242,"column":10}},{"start":{"line":242,"column":14},"end":{"line":242,"column":67}}],"line":242},"16":{"loc":{"start":{"line":243,"column":4},"end":{"line":248,"column":5}},"type":"if","locations":[{"start":{"line":243,"column":4},"end":{"line":248,"column":5}},{"start":{"line":245,"column":11},"end":{"line":248,"column":5}}],"line":243},"17":{"loc":{"start":{"line":253,"column":2},"end":{"line":256,"column":3}},"type":"if","locations":[{"start":{"line":253,"column":2},"end":{"line":256,"column":3}},{"start":{},"end":{}}],"line":253},"18":{"loc":{"start":{"line":253,"column":6},"end":{"line":253,"column":28}},"type":"binary-expr","locations":[{"start":{"line":253,"column":6},"end":{"line":253,"column":14}},{"start":{"line":253,"column":18},"end":{"line":253,"column":28}}],"line":253},"19":{"loc":{"start":{"line":259,"column":2},"end":{"line":261,"column":3}},"type":"if","locations":[{"start":{"line":259,"column":2},"end":{"line":261,"column":3}},{"start":{},"end":{}}],"line":259},"20":{"loc":{"start":{"line":273,"column":2},"end":{"line":273,"column":36}},"type":"if","locations":[{"start":{"line":273,"column":2},"end":{"line":273,"column":36}},{"start":{},"end":{}}],"line":273},"21":{"loc":{"start":{"line":274,"column":2},"end":{"line":274,"column":35}},"type":"if","locations":[{"start":{"line":274,"column":2},"end":{"line":274,"column":35}},{"start":{},"end":{}}],"line":274},"22":{"loc":{"start":{"line":275,"column":2},"end":{"line":275,"column":35}},"type":"if","locations":[{"start":{"line":275,"column":2},"end":{"line":275,"column":35}},{"start":{},"end":{}}],"line":275},"23":{"loc":{"start":{"line":276,"column":2},"end":{"line":276,"column":36}},"type":"if","locations":[{"start":{"line":276,"column":2},"end":{"line":276,"column":36}},{"start":{},"end":{}}],"line":276}},"s":{"0":1,"1":1,"2":83,"3":36,"4":5,"5":24,"6":2,"7":22,"8":5,"9":0,"10":5,"11":6,"12":1,"13":5,"14":1,"15":4,"16":4,"17":1,"18":3,"19":1,"20":6,"21":19,"22":16,"23":16,"24":1,"25":15,"26":15,"27":15,"28":15,"29":3,"30":3,"31":3,"32":3,"33":3,"34":3,"35":3,"36":3,"37":3,"38":3,"39":2,"40":2,"41":2,"42":2,"43":1,"44":1,"45":1,"46":0,"47":15,"48":15,"49":0,"50":5,"51":5,"52":3,"53":2,"54":1,"55":2,"56":2,"57":0,"58":2,"59":1,"60":1,"61":12,"62":1,"63":11,"64":3,"65":8,"66":4,"67":4,"68":2,"69":2,"70":1},"f":{"0":83,"1":36,"2":5,"3":24,"4":16,"5":5,"6":12},"b":{"0":[36,36,36],"1":[5,0],"2":[5],"3":[2,22],"4":[5,6,4,1,6],"5":[0,5],"6":[5,2],"7":[1,5],"8":[6,5],"9":[1,4],"10":[1,3],"11":[13],"12":[1,15],"13":[3,3,3,3,2,1,0],"14":[3,2],"15":[5,3],"16":[2,1],"17":[0,2],"18":[2,1],"19":[1,1],"20":[1,11],"21":[3,8],"22":[4,4],"23":[2,2]},"_coverageSchema":"1a1c01bbd47fc00a2c39e90264f33305004495a9","hash":"80b141a87cf9043dd711fd8ee555d4c268369512"}
}
