TN:
SF:src\aria\dynamicQuestionGenerator.js
FN:233,getRoleDefinition
FN:256,getGenericRoleDefinition
FN:267,createDynamicRoleDefinition
FN:271,(anonymous_3)
FN:283,generateRoleSpecificQuestions
FN:293,(anonymous_5)
FN:319,generateFollowUpQuestions
FN:335,(anonymous_7)
FN:354,getRoleInsights
FNF:9
FNH:5
FNDA:35,getRoleDefinition
FNDA:0,getGenericRoleDefinition
FNDA:2,createDynamicRoleDefinition
FNDA:4,(anonymous_3)
FNDA:18,generateRoleSpecificQuestions
FNDA:54,(anonymous_5)
FNDA:0,generateFollowUpQuestions
FNDA:0,(anonymous_7)
FNDA:0,getRoleInsights
DA:8,1
DA:57,1
DA:234,35
DA:237,35
DA:238,33
DA:242,2
DA:243,2
DA:244,18
DA:245,0
DA:250,2
DA:257,0
DA:269,2
DA:271,4
DA:273,2
DA:284,18
DA:286,18
DA:288,18
DA:291,18
DA:293,18
DA:294,54
DA:296,54
DA:298,54
DA:302,54
DA:313,18
DA:320,0
DA:321,0
DA:322,0
DA:324,0
DA:335,0
DA:336,0
DA:340,0
DA:355,0
DA:356,0
DA:369,1
LF:34
LH:23
BRDA:234,0,0,0
BRDA:234,0,1,35
BRDA:237,1,0,33
BRDA:237,1,1,2
BRDA:244,2,0,0
BRDA:244,2,1,18
BRDA:244,3,0,18
BRDA:244,3,1,18
BRDA:276,4,0,2
BRDA:276,4,1,0
BRDA:283,5,0,0
BRDA:286,6,0,18
BRDA:286,6,1,1
BRDA:298,7,0,54
BRDA:298,7,1,0
BRDA:298,8,0,54
BRDA:298,8,1,54
BRDA:319,9,0,0
BRDA:337,10,0,0
BRDA:337,10,1,0
BRDA:338,11,0,0
BRDA:338,11,1,0
BRF:22
BRH:12
end_of_record
TN:
SF:src\aria\evaluator.js
FN:90,evaluateAnswer
FN:160,(anonymous_1)
FN:199,getAcknowledgmentPhrase
FN:215,shouldFollowUp
FN:225,generateFollowUp
FN:242,scoreSession
FN:257,(anonymous_6)
FN:259,(anonymous_7)
FN:263,(anonymous_8)
FN:268,(anonymous_9)
FN:271,(anonymous_10)
FN:274,(anonymous_11)
FN:277,(anonymous_12)
FNF:13
FNH:13
FNDA:12,evaluateAnswer
FNDA:32,(anonymous_1)
FNDA:7,getAcknowledgmentPhrase
FNDA:6,shouldFollowUp
FNDA:11,generateFollowUp
FNDA:5,scoreSession
FNDA:7,(anonymous_6)
FNDA:7,(anonymous_7)
FNDA:7,(anonymous_8)
FNDA:7,(anonymous_9)
FNDA:7,(anonymous_10)
FNDA:7,(anonymous_11)
FNDA:7,(anonymous_12)
DA:7,1
DA:23,1
DA:42,1
DA:61,1
DA:97,12
DA:100,12
DA:101,1
DA:112,11
DA:113,2
DA:124,9
DA:125,1
DA:137,8
DA:138,8
DA:141,8
DA:142,8
DA:143,8
DA:146,8
DA:147,8
DA:148,8
DA:149,8
DA:152,8
DA:153,8
DA:154,8
DA:160,32
DA:161,8
DA:162,8
DA:165,0
DA:166,0
DA:170,8
DA:171,8
DA:174,8
DA:175,8
DA:176,8
DA:179,8
DA:181,8
DA:183,8
DA:200,7
DA:201,2
DA:203,5
DA:204,3
DA:206,2
DA:217,6
DA:226,11
DA:234,11
DA:243,5
DA:244,1
DA:257,7
DA:258,4
DA:259,7
DA:262,4
DA:263,7
DA:266,4
DA:268,7
DA:271,7
DA:274,7
DA:277,7
DA:281,4
DA:294,1
LF:58
LH:56
BRDA:92,0,0,0
BRDA:93,1,0,1
BRDA:94,2,0,1
BRDA:95,3,0,1
BRDA:96,4,0,10
BRDA:100,5,0,1
BRDA:100,5,1,11
BRDA:112,6,0,2
BRDA:112,6,1,9
BRDA:124,7,0,1
BRDA:124,7,1,8
BRDA:138,8,0,8
BRDA:138,8,1,4
BRDA:142,9,0,3
BRDA:142,9,1,5
BRDA:143,10,0,0
BRDA:143,10,1,8
BRDA:143,11,0,8
BRDA:143,11,1,1
BRDA:147,12,0,2
BRDA:147,12,1,6
BRDA:148,13,0,0
BRDA:148,13,1,8
BRDA:148,14,0,8
BRDA:148,14,1,1
BRDA:149,15,0,0
BRDA:149,15,1,8
BRDA:149,16,0,8
BRDA:149,16,1,1
BRDA:153,17,0,8
BRDA:153,17,1,0
BRDA:161,18,0,3
BRDA:161,18,1,5
BRDA:162,19,0,1
BRDA:162,19,1,7
BRDA:165,20,0,0
BRDA:165,20,1,0
BRDA:166,21,0,0
BRDA:166,21,1,0
BRDA:172,22,0,8
BRDA:172,22,1,6
BRDA:174,23,0,7
BRDA:174,23,1,1
BRDA:175,24,0,6
BRDA:175,24,1,2
BRDA:176,25,0,1
BRDA:176,25,1,7
BRDA:179,26,0,1
BRDA:179,26,1,7
BRDA:200,27,0,2
BRDA:200,27,1,5
BRDA:203,28,0,3
BRDA:203,28,1,2
BRDA:217,29,0,6
BRDA:217,29,1,2
BRDA:225,30,0,11
BRDA:243,31,0,1
BRDA:243,31,1,4
BRDA:243,32,0,5
BRDA:243,32,1,5
BRDA:257,33,0,7
BRDA:257,33,1,1
BRDA:258,34,0,4
BRDA:258,34,1,0
BRDA:263,35,0,7
BRDA:263,35,1,0
BRDA:268,36,0,7
BRDA:268,36,1,1
BRDA:271,37,0,7
BRDA:271,37,1,1
BRDA:274,38,0,7
BRDA:274,38,1,1
BRDA:277,39,0,7
BRDA:277,39,1,1
BRF:74
BRH:63
end_of_record
TN:
SF:src\aria\questionBank.js
FN:14,resolveSituationalDomain
FN:298,cloneQuestion
FN:306,buildTailoredBaseQuestions
FN:310,(anonymous_3)
FN:311,(anonymous_4)
FN:312,(anonymous_5)
FN:324,(anonymous_6)
FN:330,(anonymous_7)
FN:340,getInterviewQuestions
FN:357,(anonymous_9)
FN:375,getQuestionByIndex
FN:377,(anonymous_11)
FN:385,getTotalQuestionCount
FN:395,getQuestionsByPhase
FN:402,(anonymous_14)
FN:405,(anonymous_15)
FN:425,takeFirstNInterviewQuestions
FN:427,(anonymous_17)
FNF:18
FNH:16
FNDA:17,resolveSituationalDomain
FNDA:68,cloneQuestion
FNDA:26,buildTailoredBaseQuestions
FNDA:9,(anonymous_3)
FNDA:27,(anonymous_4)
FNDA:36,(anonymous_5)
FNDA:51,(anonymous_6)
FNDA:68,(anonymous_7)
FNDA:26,getInterviewQuestions
FNDA:26,(anonymous_9)
FNDA:5,getQuestionByIndex
FNDA:38,(anonymous_11)
FNDA:6,getTotalQuestionCount
FNDA:7,getQuestionsByPhase
FNDA:0,(anonymous_14)
FNDA:0,(anonymous_15)
FNDA:2,takeFirstNInterviewQuestions
FNDA:3,(anonymous_17)
DA:8,1
DA:15,17
DA:16,17
DA:17,17
DA:18,17
DA:19,9
DA:21,8
DA:22,2
DA:23,1
DA:24,1
DA:25,1
DA:28,1
DA:211,1
DA:299,68
DA:307,26
DA:308,26
DA:309,9
DA:310,9
DA:311,27
DA:312,36
DA:316,17
DA:318,17
DA:320,17
DA:324,17
DA:325,51
DA:330,68
DA:332,17
DA:341,26
DA:342,26
DA:344,26
DA:345,17
DA:347,9
DA:348,9
DA:353,9
DA:357,26
DA:364,26
DA:366,26
DA:376,5
DA:377,38
DA:386,6
DA:396,7
DA:397,2
DA:400,5
DA:401,5
DA:402,0
DA:404,5
DA:405,0
DA:411,5
DA:418,5
DA:426,2
DA:427,3
DA:430,1
LF:52
LH:50
BRDA:15,0,0,0
BRDA:15,0,1,17
BRDA:15,1,0,17
BRDA:15,1,1,17
BRDA:18,2,0,9
BRDA:18,2,1,8
BRDA:21,3,0,6
BRDA:21,3,1,2
BRDA:22,4,0,1
BRDA:22,4,1,1
BRDA:22,5,0,2
BRDA:22,5,1,1
BRDA:23,6,0,0
BRDA:23,6,1,1
BRDA:24,7,0,0
BRDA:24,7,1,1
BRDA:298,8,0,0
BRDA:307,9,0,26
BRDA:307,9,1,17
BRDA:308,10,0,9
BRDA:308,10,1,17
BRDA:318,11,0,17
BRDA:318,11,1,0
BRDA:340,12,0,2
BRDA:341,13,0,26
BRDA:341,13,1,17
BRDA:344,14,0,17
BRDA:344,14,1,9
BRDA:347,15,0,9
BRDA:347,15,1,0
BRDA:359,16,0,17
BRDA:359,16,1,9
BRDA:375,17,0,2
BRDA:377,18,0,5
BRDA:377,18,1,1
BRDA:385,19,0,3
BRDA:395,20,0,6
BRDA:396,21,0,2
BRDA:396,21,1,5
BRDA:397,22,0,1
BRDA:397,22,1,1
BRDA:400,23,0,5
BRDA:400,23,1,0
BRDA:401,24,0,0
BRDA:401,24,1,5
BRDA:401,25,0,5
BRDA:401,25,1,0
BRDA:404,26,0,0
BRDA:404,26,1,5
BRDA:404,27,0,5
BRDA:404,27,1,0
BRDA:418,28,0,5
BRDA:418,28,1,1
BRF:53
BRH:42
end_of_record
TN:
SF:src\aria\session.js
FN:10,(anonymous_0)
FN:39,(anonymous_1)
FN:78,(anonymous_2)
FN:102,(anonymous_3)
FN:125,(anonymous_4)
FN:135,(anonymous_5)
FN:143,(anonymous_6)
FN:150,(anonymous_7)
FN:157,(anonymous_8)
FN:164,(anonymous_9)
FN:169,(anonymous_10)
FN:180,(anonymous_11)
FN:194,(anonymous_12)
FNF:13
FNH:13
FNDA:67,(anonymous_0)
FNDA:21,(anonymous_1)
FNDA:14,(anonymous_2)
FNDA:8,(anonymous_3)
FNDA:6,(anonymous_4)
FNDA:13,(anonymous_5)
FNDA:9,(anonymous_6)
FNDA:2,(anonymous_7)
FNDA:2,(anonymous_8)
FNDA:5,(anonymous_9)
FNDA:4,(anonymous_10)
FNDA:4,(anonymous_11)
FNDA:2,(anonymous_12)
DA:7,2
DA:11,67
DA:12,67
DA:19,67
DA:20,67
DA:21,67
DA:22,67
DA:23,67
DA:26,67
DA:27,67
DA:28,67
DA:31,67
DA:32,67
DA:33,67
DA:40,21
DA:50,21
DA:51,1
DA:55,20
DA:65,20
DA:66,1
DA:71,19
DA:72,19
DA:79,14
DA:95,14
DA:96,14
DA:103,8
DA:104,1
DA:107,7
DA:108,7
DA:119,7
DA:126,6
DA:127,6
DA:128,6
DA:129,6
DA:136,13
DA:137,13
DA:144,9
DA:151,2
DA:158,2
DA:165,5
DA:166,5
DA:168,5
DA:169,4
DA:172,5
DA:180,4
DA:195,2
DA:211,2
LF:47
LH:47
BRDA:11,0,0,67
BRDA:11,0,1,1
BRDA:13,1,0,67
BRDA:13,1,1,1
BRDA:14,2,0,67
BRDA:14,2,1,2
BRDA:15,3,0,67
BRDA:15,3,1,34
BRDA:50,4,0,1
BRDA:50,4,1,20
BRDA:65,5,0,1
BRDA:65,5,1,19
BRDA:78,6,0,13
BRDA:82,7,0,14
BRDA:82,7,1,0
BRDA:83,8,0,14
BRDA:83,8,1,0
BRDA:103,9,0,1
BRDA:103,9,1,7
BRDA:109,10,0,7
BRDA:109,10,1,0
BRDA:110,11,0,7
BRDA:110,11,1,0
BRDA:111,12,0,7
BRDA:111,12,1,1
BRDA:112,13,0,7
BRDA:112,13,1,1
BRDA:113,14,0,7
BRDA:113,14,1,0
BRDA:114,15,0,7
BRDA:114,15,1,0
BRDA:115,16,0,7
BRDA:115,16,1,1
BRDA:116,17,0,7
BRDA:116,17,1,1
BRDA:157,18,0,1
BRDA:168,19,0,3
BRDA:168,19,1,2
BRDA:169,20,0,4
BRDA:169,20,1,0
BRF:40
BRH:33
end_of_record
TN:
SF:src\aria\stateTransitions.js
FN:32,isValidState
FN:42,isValidTransition
FN:55,getAllowedTransitions
FN:66,validateTransition
FN:129,executeTransition
FN:238,getNextStateAfterEvaluation
FN:272,getPhaseFromQuestionIndex
FNF:7
FNH:7
FNDA:83,isValidState
FNDA:36,isValidTransition
FNDA:5,getAllowedTransitions
FNDA:24,validateTransition
FNDA:16,executeTransition
FNDA:5,getNextStateAfterEvaluation
FNDA:12,getPhaseFromQuestionIndex
DA:7,1
DA:17,1
DA:33,83
DA:43,36
DA:56,5
DA:68,24
DA:69,2
DA:76,22
DA:78,5
DA:79,0
DA:84,5
DA:87,6
DA:88,1
DA:93,5
DA:94,1
DA:99,4
DA:102,4
DA:103,1
DA:108,3
DA:113,1
DA:116,6
DA:119,19
DA:131,16
DA:132,16
DA:133,1
DA:141,15
DA:142,15
DA:145,15
DA:146,15
DA:148,3
DA:153,3
DA:156,3
DA:157,3
DA:161,3
DA:164,3
DA:167,3
DA:170,3
DA:174,3
DA:180,3
DA:183,2
DA:184,2
DA:189,2
DA:194,2
DA:197,1
DA:202,1
DA:206,1
DA:209,0
DA:213,15
DA:215,15
DA:222,0
DA:239,5
DA:242,5
DA:243,3
DA:244,2
DA:247,1
DA:252,2
DA:253,2
DA:255,0
DA:259,2
DA:260,1
DA:264,1
DA:273,12
DA:274,11
DA:275,8
DA:276,4
DA:277,2
DA:280,1
LF:67
LH:63
BRDA:44,0,0,36
BRDA:44,0,1,36
BRDA:44,0,2,36
BRDA:56,1,0,5
BRDA:56,1,1,0
BRDA:66,2,0,5
BRDA:68,3,0,2
BRDA:68,3,1,22
BRDA:76,4,0,5
BRDA:76,4,1,6
BRDA:76,4,2,4
BRDA:76,4,3,1
BRDA:76,4,4,6
BRDA:78,5,0,0
BRDA:78,5,1,5
BRDA:78,6,0,5
BRDA:78,6,1,2
BRDA:87,7,0,1
BRDA:87,7,1,5
BRDA:87,8,0,6
BRDA:87,8,1,5
BRDA:93,9,0,1
BRDA:93,9,1,4
BRDA:102,10,0,1
BRDA:102,10,1,3
BRDA:129,11,0,13
BRDA:132,12,0,1
BRDA:132,12,1,15
BRDA:146,13,0,3
BRDA:146,13,1,3
BRDA:146,13,2,3
BRDA:146,13,3,3
BRDA:146,13,4,2
BRDA:146,13,5,1
BRDA:146,13,6,0
BRDA:242,14,0,3
BRDA:242,14,1,2
BRDA:242,15,0,5
BRDA:242,15,1,3
BRDA:243,16,0,2
BRDA:243,16,1,1
BRDA:253,17,0,0
BRDA:253,17,1,2
BRDA:253,18,0,2
BRDA:253,18,1,1
BRDA:259,19,0,1
BRDA:259,19,1,1
BRDA:273,20,0,1
BRDA:273,20,1,11
BRDA:274,21,0,3
BRDA:274,21,1,8
BRDA:275,22,0,4
BRDA:275,22,1,4
BRDA:276,23,0,2
BRDA:276,23,1,2
BRF:55
BRH:51
end_of_record
