TN:
SF:src\aria\dynamicQuestionGenerator.js
FN:194,getRoleDefinition
FN:217,getGenericRoleDefinition
FN:228,createDynamicRoleDefinition
FN:232,(anonymous_3)
FN:244,generateRoleSpecificQuestions
FN:253,(anonymous_5)
FN:275,generateFollowUpQuestions
FN:291,(anonymous_7)
FN:310,getRoleInsights
FNF:9
FNH:5
FNDA:17,getRoleDefinition
FNDA:0,getGenericRoleDefinition
FNDA:1,createDynamicRoleDefinition
FNDA:2,(anonymous_3)
FNDA:17,generateRoleSpecificQuestions
FNDA:51,(anonymous_5)
FNDA:0,generateFollowUpQuestions
FNDA:0,(anonymous_7)
FNDA:0,getRoleInsights
DA:8,1
DA:52,1
DA:195,17
DA:198,17
DA:199,16
DA:203,1
DA:204,1
DA:205,8
DA:206,0
DA:211,1
DA:218,0
DA:230,1
DA:232,2
DA:234,1
DA:245,17
DA:246,17
DA:248,17
DA:251,17
DA:253,17
DA:254,51
DA:256,51
DA:258,51
DA:269,17
DA:276,0
DA:277,0
DA:278,0
DA:280,0
DA:291,0
DA:292,0
DA:296,0
DA:311,0
DA:312,0
DA:325,1
LF:33
LH:22
BRDA:195,0,0,0
BRDA:195,0,1,17
BRDA:198,1,0,16
BRDA:198,1,1,1
BRDA:205,2,0,0
BRDA:205,2,1,8
BRDA:205,3,0,8
BRDA:205,3,1,8
BRDA:237,4,0,1
BRDA:237,4,1,0
BRDA:244,5,0,0
BRDA:246,6,0,17
BRDA:246,6,1,1
BRDA:275,7,0,0
BRDA:293,8,0,0
BRDA:293,8,1,0
BRDA:294,9,0,0
BRDA:294,9,1,0
BRF:18
BRH:9
end_of_record
TN:
SF:src\aria\evaluator.js
FN:90,evaluateAnswer
FN:160,(anonymous_1)
FN:199,getAcknowledgmentPhrase
FN:215,shouldFollowUp
FN:225,generateFollowUp
FN:242,scoreSession
FN:257,(anonymous_6)
FN:259,(anonymous_7)
FN:263,(anonymous_8)
FN:268,(anonymous_9)
FN:271,(anonymous_10)
FN:274,(anonymous_11)
FN:277,(anonymous_12)
FNF:13
FNH:13
FNDA:12,evaluateAnswer
FNDA:32,(anonymous_1)
FNDA:7,getAcknowledgmentPhrase
FNDA:6,shouldFollowUp
FNDA:11,generateFollowUp
FNDA:5,scoreSession
FNDA:7,(anonymous_6)
FNDA:7,(anonymous_7)
FNDA:7,(anonymous_8)
FNDA:7,(anonymous_9)
FNDA:7,(anonymous_10)
FNDA:7,(anonymous_11)
FNDA:7,(anonymous_12)
DA:7,1
DA:23,1
DA:42,1
DA:61,1
DA:97,12
DA:100,12
DA:101,1
DA:112,11
DA:113,2
DA:124,9
DA:125,1
DA:137,8
DA:138,8
DA:141,8
DA:142,8
DA:143,8
DA:146,8
DA:147,8
DA:148,8
DA:149,8
DA:152,8
DA:153,8
DA:154,8
DA:160,32
DA:161,8
DA:162,8
DA:165,0
DA:166,0
DA:170,8
DA:171,8
DA:174,8
DA:175,8
DA:176,8
DA:179,8
DA:181,8
DA:183,8
DA:200,7
DA:201,2
DA:203,5
DA:204,3
DA:206,2
DA:217,6
DA:226,11
DA:234,11
DA:243,5
DA:244,1
DA:257,7
DA:258,4
DA:259,7
DA:262,4
DA:263,7
DA:266,4
DA:268,7
DA:271,7
DA:274,7
DA:277,7
DA:281,4
DA:294,1
LF:58
LH:56
BRDA:92,0,0,0
BRDA:93,1,0,1
BRDA:94,2,0,1
BRDA:95,3,0,1
BRDA:96,4,0,10
BRDA:100,5,0,1
BRDA:100,5,1,11
BRDA:112,6,0,2
BRDA:112,6,1,9
BRDA:124,7,0,1
BRDA:124,7,1,8
BRDA:138,8,0,8
BRDA:138,8,1,4
BRDA:142,9,0,3
BRDA:142,9,1,5
BRDA:143,10,0,0
BRDA:143,10,1,8
BRDA:143,11,0,8
BRDA:143,11,1,1
BRDA:147,12,0,2
BRDA:147,12,1,6
BRDA:148,13,0,0
BRDA:148,13,1,8
BRDA:148,14,0,8
BRDA:148,14,1,1
BRDA:149,15,0,0
BRDA:149,15,1,8
BRDA:149,16,0,8
BRDA:149,16,1,1
BRDA:153,17,0,8
BRDA:153,17,1,0
BRDA:161,18,0,3
BRDA:161,18,1,5
BRDA:162,19,0,1
BRDA:162,19,1,7
BRDA:165,20,0,0
BRDA:165,20,1,0
BRDA:166,21,0,0
BRDA:166,21,1,0
BRDA:172,22,0,8
BRDA:172,22,1,6
BRDA:174,23,0,7
BRDA:174,23,1,1
BRDA:175,24,0,6
BRDA:175,24,1,2
BRDA:176,25,0,1
BRDA:176,25,1,7
BRDA:179,26,0,1
BRDA:179,26,1,7
BRDA:200,27,0,2
BRDA:200,27,1,5
BRDA:203,28,0,3
BRDA:203,28,1,2
BRDA:217,29,0,6
BRDA:217,29,1,2
BRDA:225,30,0,11
BRDA:243,31,0,1
BRDA:243,31,1,4
BRDA:243,32,0,5
BRDA:243,32,1,5
BRDA:257,33,0,7
BRDA:257,33,1,1
BRDA:258,34,0,4
BRDA:258,34,1,0
BRDA:263,35,0,7
BRDA:263,35,1,0
BRDA:268,36,0,7
BRDA:268,36,1,1
BRDA:271,37,0,7
BRDA:271,37,1,1
BRDA:274,38,0,7
BRDA:274,38,1,1
BRDA:277,39,0,7
BRDA:277,39,1,1
BRF:74
BRH:63
end_of_record
TN:
SF:src\aria\questionBank.js
FN:102,getInterviewQuestions
FN:137,getQuestionByIndex
FN:139,(anonymous_2)
FN:147,getTotalQuestionCount
FN:157,getQuestionsByPhase
FNF:5
FNH:5
FNDA:25,getInterviewQuestions
FNDA:5,getQuestionByIndex
FNDA:38,(anonymous_2)
FNDA:6,getTotalQuestionCount
FNDA:7,getQuestionsByPhase
DA:8,1
DA:10,1
DA:103,25
DA:110,25
DA:111,16
DA:112,16
DA:115,9
DA:116,9
DA:121,9
DA:126,25
DA:128,25
DA:138,5
DA:139,38
DA:148,6
DA:158,7
DA:166,7
DA:169,1
LF:17
LH:17
BRDA:102,0,0,2
BRDA:110,1,0,16
BRDA:110,1,1,9
BRDA:115,2,0,9
BRDA:115,2,1,0
BRDA:137,3,0,2
BRDA:139,4,0,5
BRDA:139,4,1,1
BRDA:147,5,0,3
BRDA:157,6,0,6
BRDA:162,7,0,1
BRDA:162,7,1,6
BRDA:166,8,0,7
BRDA:166,8,1,1
BRF:14
BRH:13
end_of_record
TN:
SF:src\aria\session.js
FN:10,(anonymous_0)
FN:39,(anonymous_1)
FN:78,(anonymous_2)
FN:102,(anonymous_3)
FN:125,(anonymous_4)
FN:135,(anonymous_5)
FN:143,(anonymous_6)
FN:150,(anonymous_7)
FN:157,(anonymous_8)
FN:164,(anonymous_9)
FN:169,(anonymous_10)
FN:180,(anonymous_11)
FN:194,(anonymous_12)
FNF:13
FNH:13
FNDA:66,(anonymous_0)
FNDA:21,(anonymous_1)
FNDA:12,(anonymous_2)
FNDA:6,(anonymous_3)
FNDA:6,(anonymous_4)
FNDA:13,(anonymous_5)
FNDA:9,(anonymous_6)
FNDA:2,(anonymous_7)
FNDA:2,(anonymous_8)
FNDA:4,(anonymous_9)
FNDA:2,(anonymous_10)
FNDA:2,(anonymous_11)
FNDA:2,(anonymous_12)
DA:7,2
DA:11,66
DA:12,66
DA:19,66
DA:20,66
DA:21,66
DA:22,66
DA:23,66
DA:26,66
DA:27,66
DA:28,66
DA:31,66
DA:32,66
DA:33,66
DA:40,21
DA:50,21
DA:51,1
DA:55,20
DA:65,20
DA:66,1
DA:71,19
DA:72,19
DA:79,12
DA:95,12
DA:96,12
DA:103,6
DA:104,1
DA:107,5
DA:108,5
DA:119,5
DA:126,6
DA:127,6
DA:128,6
DA:129,6
DA:136,13
DA:137,13
DA:144,9
DA:151,2
DA:158,2
DA:165,4
DA:166,4
DA:168,4
DA:169,2
DA:172,4
DA:180,2
DA:195,2
DA:211,2
LF:47
LH:47
BRDA:11,0,0,66
BRDA:11,0,1,1
BRDA:13,1,0,66
BRDA:13,1,1,1
BRDA:14,2,0,66
BRDA:14,2,1,2
BRDA:15,3,0,66
BRDA:15,3,1,34
BRDA:50,4,0,1
BRDA:50,4,1,20
BRDA:65,5,0,1
BRDA:65,5,1,19
BRDA:78,6,0,11
BRDA:82,7,0,12
BRDA:82,7,1,0
BRDA:83,8,0,12
BRDA:83,8,1,0
BRDA:103,9,0,1
BRDA:103,9,1,5
BRDA:109,10,0,5
BRDA:109,10,1,0
BRDA:110,11,0,5
BRDA:110,11,1,0
BRDA:111,12,0,5
BRDA:111,12,1,1
BRDA:112,13,0,5
BRDA:112,13,1,1
BRDA:113,14,0,5
BRDA:113,14,1,0
BRDA:114,15,0,5
BRDA:114,15,1,0
BRDA:115,16,0,5
BRDA:115,16,1,1
BRDA:116,17,0,5
BRDA:116,17,1,1
BRDA:157,18,0,1
BRDA:168,19,0,2
BRDA:168,19,1,2
BRDA:169,20,0,2
BRDA:169,20,1,0
BRF:40
BRH:33
end_of_record
TN:
SF:src\aria\stateTransitions.js
FN:32,isValidState
FN:42,isValidTransition
FN:55,getAllowedTransitions
FN:66,validateTransition
FN:129,executeTransition
FN:238,getNextStateAfterEvaluation
FN:272,getPhaseFromQuestionIndex
FNF:7
FNH:7
FNDA:83,isValidState
FNDA:36,isValidTransition
FNDA:5,getAllowedTransitions
FNDA:24,validateTransition
FNDA:16,executeTransition
FNDA:5,getNextStateAfterEvaluation
FNDA:12,getPhaseFromQuestionIndex
DA:7,1
DA:17,1
DA:33,83
DA:43,36
DA:56,5
DA:68,24
DA:69,2
DA:76,22
DA:78,5
DA:79,0
DA:84,5
DA:87,6
DA:88,1
DA:93,5
DA:94,1
DA:99,4
DA:102,4
DA:103,1
DA:108,3
DA:113,1
DA:116,6
DA:119,19
DA:131,16
DA:132,16
DA:133,1
DA:141,15
DA:142,15
DA:145,15
DA:146,15
DA:148,3
DA:153,3
DA:156,3
DA:157,3
DA:161,3
DA:164,3
DA:167,3
DA:170,3
DA:174,3
DA:180,3
DA:183,2
DA:184,2
DA:189,2
DA:194,2
DA:197,1
DA:202,1
DA:206,1
DA:209,0
DA:213,15
DA:215,15
DA:222,0
DA:239,5
DA:242,5
DA:243,3
DA:244,2
DA:247,1
DA:252,2
DA:253,2
DA:255,0
DA:259,2
DA:260,1
DA:264,1
DA:273,12
DA:274,11
DA:275,8
DA:276,4
DA:277,2
DA:280,1
LF:67
LH:63
BRDA:44,0,0,36
BRDA:44,0,1,36
BRDA:44,0,2,36
BRDA:56,1,0,5
BRDA:56,1,1,0
BRDA:66,2,0,5
BRDA:68,3,0,2
BRDA:68,3,1,22
BRDA:76,4,0,5
BRDA:76,4,1,6
BRDA:76,4,2,4
BRDA:76,4,3,1
BRDA:76,4,4,6
BRDA:78,5,0,0
BRDA:78,5,1,5
BRDA:78,6,0,5
BRDA:78,6,1,2
BRDA:87,7,0,1
BRDA:87,7,1,5
BRDA:87,8,0,6
BRDA:87,8,1,5
BRDA:93,9,0,1
BRDA:93,9,1,4
BRDA:102,10,0,1
BRDA:102,10,1,3
BRDA:129,11,0,13
BRDA:132,12,0,1
BRDA:132,12,1,15
BRDA:146,13,0,3
BRDA:146,13,1,3
BRDA:146,13,2,3
BRDA:146,13,3,3
BRDA:146,13,4,2
BRDA:146,13,5,1
BRDA:146,13,6,0
BRDA:242,14,0,3
BRDA:242,14,1,2
BRDA:242,15,0,5
BRDA:242,15,1,3
BRDA:243,16,0,2
BRDA:243,16,1,1
BRDA:253,17,0,0
BRDA:253,17,1,2
BRDA:253,18,0,2
BRDA:253,18,1,1
BRDA:259,19,0,1
BRDA:259,19,1,1
BRDA:273,20,0,1
BRDA:273,20,1,11
BRDA:274,21,0,3
BRDA:274,21,1,8
BRDA:275,22,0,4
BRDA:275,22,1,4
BRDA:276,23,0,2
BRDA:276,23,1,2
BRF:55
BRH:51
end_of_record
